TN:
SF:src/App.tsx
FN:73,(anonymous_0)
FN:105,App
FN:120,(anonymous_2)
FN:123,(anonymous_3)
FN:138,(anonymous_4)
FN:140,loadDetails
FN:160,(anonymous_6)
FN:164,(anonymous_7)
FN:174,(anonymous_8)
FN:181,(anonymous_9)
FN:188,(anonymous_10)
FN:197,(anonymous_11)
FN:212,(anonymous_12)
FN:222,(anonymous_13)
FN:241,(anonymous_14)
FN:256,(anonymous_15)
FN:259,(anonymous_16)
FN:277,(anonymous_17)
FN:288,(anonymous_18)
FN:295,(anonymous_19)
FN:299,(anonymous_20)
FN:305,(anonymous_21)
FN:309,(anonymous_22)
FN:313,(anonymous_23)
FN:387,(anonymous_24)
FN:421,(anonymous_25)
FN:432,(anonymous_26)
FNF:27
FNH:18
FNDA:1,(anonymous_0)
FNDA:5,App
FNDA:0,(anonymous_2)
FNDA:0,(anonymous_3)
FNDA:19,(anonymous_4)
FNDA:2,loadDetails
FNDA:1,(anonymous_6)
FNDA:12,(anonymous_7)
FNDA:0,(anonymous_8)
FNDA:0,(anonymous_9)
FNDA:0,(anonymous_10)
FNDA:19,(anonymous_11)
FNDA:19,(anonymous_12)
FNDA:19,(anonymous_13)
FNDA:19,(anonymous_14)
FNDA:1,(anonymous_15)
FNDA:0,(anonymous_16)
FNDA:2,(anonymous_17)
FNDA:1,(anonymous_18)
FNDA:0,(anonymous_19)
FNDA:0,(anonymous_20)
FNDA:2,(anonymous_21)
FNDA:4,(anonymous_22)
FNDA:8,(anonymous_23)
FNDA:20,(anonymous_24)
FNDA:48,(anonymous_25)
FNDA:0,(anonymous_26)
DA:61,1
DA:64,1
DA:68,1
DA:70,1
DA:71,1
DA:73,1
DA:106,5
DA:107,4
DA:108,4
DA:109,4
DA:110,4
DA:111,4
DA:112,4
DA:113,4
DA:114,4
DA:115,4
DA:117,4
DA:119,4
DA:120,4
DA:121,0
DA:123,4
DA:124,0
DA:125,0
DA:128,4
DA:129,4
DA:131,4
DA:133,4
DA:136,4
DA:138,19
DA:147,2
DA:149,2
DA:150,1
DA:154,2
DA:155,0
DA:159,4
DA:161,1
DA:163,1
DA:164,1
DA:165,12
DA:167,1
DA:173,4
DA:175,0
DA:176,0
DA:178,0
DA:179,0
DA:180,0
DA:181,0
DA:183,0
DA:184,0
DA:187,0
DA:188,0
DA:189,0
DA:190,0
DA:197,4
DA:198,19
DA:199,19
DA:208,0
DA:212,4
DA:213,19
DA:214,19
DA:216,0
DA:218,0
DA:219,0
DA:222,4
DA:223,19
DA:224,19
DA:226,0
DA:227,0
DA:228,0
DA:229,0
DA:230,0
DA:232,0
DA:233,0
DA:235,0
DA:236,0
DA:238,0
DA:241,4
DA:242,19
DA:256,4
DA:257,1
DA:259,0
DA:260,0
DA:261,0
DA:269,1
DA:271,1
DA:272,1
DA:277,4
DA:279,2
DA:280,1
DA:281,1
DA:282,1
DA:288,4
DA:290,1
DA:291,0
DA:295,4
DA:296,0
DA:299,4
DA:300,0
DA:303,4
DA:305,4
DA:306,2
DA:309,4
DA:310,4
DA:313,4
DA:314,8
DA:315,8
DA:316,0
DA:317,0
DA:320,8
DA:322,4
DA:324,4
DA:388,20
DA:422,48
DA:433,0
LF:114
LH:75
BRDA:64,0,0,0
BRDA:64,0,1,1
BRDA:149,1,0,1
BRDA:149,1,1,1
BRDA:154,2,0,0
BRDA:154,2,1,2
BRDA:154,3,0,2
BRDA:154,3,1,1
BRDA:154,3,2,0
BRDA:163,4,0,1
BRDA:163,4,1,0
BRDA:163,5,0,1
BRDA:163,5,1,0
BRDA:175,6,0,0
BRDA:175,6,1,0
BRDA:183,7,0,0
BRDA:183,7,1,0
BRDA:189,8,0,0
BRDA:189,8,1,0
BRDA:198,9,0,19
BRDA:198,9,1,0
BRDA:198,10,0,19
BRDA:198,10,1,19
BRDA:198,10,2,0
BRDA:200,11,0,19
BRDA:200,11,1,19
BRDA:201,12,0,0
BRDA:201,12,1,19
BRDA:201,13,0,19
BRDA:201,13,1,19
BRDA:201,13,2,19
BRDA:213,14,0,19
BRDA:213,14,1,0
BRDA:213,15,0,19
BRDA:213,15,1,0
BRDA:223,16,0,19
BRDA:223,16,1,0
BRDA:223,17,0,19
BRDA:223,17,1,0
BRDA:229,18,0,0
BRDA:229,18,1,0
BRDA:229,19,0,0
BRDA:229,19,1,0
BRDA:232,20,0,0
BRDA:232,20,1,0
BRDA:232,21,0,0
BRDA:232,21,1,0
BRDA:235,22,0,0
BRDA:235,22,1,0
BRDA:235,23,0,0
BRDA:235,23,1,0
BRDA:243,24,0,19
BRDA:243,24,1,19
BRDA:244,25,0,0
BRDA:244,25,1,19
BRDA:244,26,0,19
BRDA:244,26,1,19
BRDA:244,26,2,19
BRDA:257,27,0,0
BRDA:257,27,1,1
BRDA:271,28,0,1
BRDA:271,28,1,0
BRDA:279,29,0,1
BRDA:279,29,1,1
BRDA:280,30,0,1
BRDA:280,30,1,0
BRDA:290,31,0,0
BRDA:290,31,1,1
BRDA:290,32,0,1
BRDA:290,32,1,0
BRDA:303,33,0,3
BRDA:303,33,1,1
BRDA:303,34,0,1
BRDA:303,34,1,0
BRDA:306,35,0,1
BRDA:306,35,1,1
BRDA:310,36,0,0
BRDA:310,36,1,4
BRDA:316,37,0,0
BRDA:316,37,1,0
BRDA:328,38,0,4
BRDA:328,38,1,0
BRDA:328,39,0,4
BRDA:328,39,1,0
BRDA:332,40,0,0
BRDA:332,40,1,4
BRDA:339,41,0,4
BRDA:339,41,1,0
BRDA:340,42,0,4
BRDA:340,42,1,0
BRDA:340,42,2,0
BRDA:340,42,3,0
BRDA:340,42,4,0
BRDA:345,43,0,4
BRDA:345,43,1,4
BRDA:358,44,0,4
BRDA:358,44,1,0
BRDA:358,45,0,4
BRDA:358,45,1,4
BRDA:358,45,2,4
BRDA:358,45,3,0
BRDA:449,46,0,4
BRDA:449,46,1,0
BRF:103
BRH:52
end_of_record
TN:
SF:src/Root.tsx
FN:14,(anonymous_0)
FN:15,(anonymous_1)
FNF:2
FNH:0
FNDA:0,(anonymous_0)
FNDA:0,(anonymous_1)
DA:14,0
DA:15,0
DA:16,0
DA:19,0
LF:4
LH:0
BRF:0
BRH:0
end_of_record
TN:
SF:src/constants.ts
FN:261,(anonymous_0)
FN:275,(anonymous_1)
FN:289,(anonymous_2)
FN:303,(anonymous_3)
FN:317,(anonymous_4)
FN:331,(anonymous_5)
FN:345,(anonymous_6)
FN:359,(anonymous_7)
FN:455,(anonymous_8)
FN:465,(anonymous_9)
FN:475,(anonymous_10)
FN:485,(anonymous_11)
FN:496,(anonymous_12)
FN:507,(anonymous_13)
FN:517,(anonymous_14)
FN:532,(anonymous_15)
FN:542,(anonymous_16)
FN:571,(anonymous_17)
FNF:18
FNH:6
FNDA:1,(anonymous_0)
FNDA:1,(anonymous_1)
FNDA:1,(anonymous_2)
FNDA:1,(anonymous_3)
FNDA:1,(anonymous_4)
FNDA:1,(anonymous_5)
FNDA:0,(anonymous_6)
FNDA:0,(anonymous_7)
FNDA:0,(anonymous_8)
FNDA:0,(anonymous_9)
FNDA:0,(anonymous_10)
FNDA:0,(anonymous_11)
FNDA:0,(anonymous_12)
FNDA:0,(anonymous_13)
FNDA:0,(anonymous_14)
FNDA:0,(anonymous_15)
FNDA:0,(anonymous_16)
FNDA:0,(anonymous_17)
DA:24,1
DA:25,1
DA:28,1
DA:30,1
DA:36,1
DA:64,1
DA:242,1
DA:246,1
DA:248,1
DA:261,1
DA:275,1
DA:289,1
DA:303,1
DA:317,1
DA:331,1
DA:345,0
DA:359,0
DA:377,1
DA:452,1
DA:456,0
DA:462,1
DA:466,0
DA:472,1
DA:476,0
DA:482,1
DA:486,0
DA:492,1
DA:497,0
DA:503,1
DA:508,0
DA:514,1
DA:518,0
DA:529,1
DA:533,0
DA:542,1
DA:548,0
DA:549,0
DA:550,0
DA:552,0
DA:553,0
DA:554,0
DA:555,0
DA:557,0
DA:558,0
DA:559,0
DA:560,0
DA:562,0
DA:563,0
DA:565,0
DA:568,1
DA:572,0
DA:581,1
LF:52
LH:27
BRF:0
BRH:0
end_of_record
TN:
SF:src/index.tsx
FNF:0
FNH:0
DA:14,0
LF:1
LH:0
BRF:0
BRH:0
end_of_record
TN:
SF:src/react-app-env.d.ts
FNF:0
FNH:0
LF:0
LH:0
BRF:0
BRH:0
end_of_record
TN:
SF:src/store.ts
FN:26,(anonymous_0)
FNF:1
FNH:1
FNDA:1,(anonymous_0)
DA:13,1
DA:26,1
LF:2
LH:2
BRF:0
BRH:0
end_of_record
TN:
SF:src/testHandlers.js
FN:5,(anonymous_0)
FN:8,(anonymous_1)
FN:11,(anonymous_2)
FN:14,(anonymous_3)
FNF:4
FNH:0
FNDA:0,(anonymous_0)
FNDA:0,(anonymous_1)
FNDA:0,(anonymous_2)
FNDA:0,(anonymous_3)
DA:4,1
DA:6,0
DA:9,0
DA:12,0
DA:15,0
LF:5
LH:1
BRF:0
BRH:0
end_of_record
TN:
SF:src/testUtils.js
FN:15,(anonymous_0)
FN:30,(anonymous_1)
FN:32,(anonymous_2)
FNF:3
FNH:1
FNDA:0,(anonymous_0)
FNDA:0,(anonymous_1)
FNDA:1,(anonymous_2)
DA:15,1
DA:16,0
DA:30,1
DA:32,1
DA:33,1
DA:34,1
DA:35,1
LF:7
LH:6
BRF:0
BRH:0
end_of_record
TN:
SF:src/components/BondLogo.jsx
FN:5,BondLogo
FNF:1
FNH:0
FNDA:0,BondLogo
DA:6,0
DA:7,0
DA:8,0
DA:9,0
DA:12,0
DA:13,0
DA:14,0
DA:15,0
DA:19,0
DA:20,0
DA:23,0
DA:24,0
DA:25,0
DA:28,0
LF:14
LH:0
BRDA:12,0,0,0
BRDA:12,0,1,0
BRDA:19,1,0,0
BRDA:19,1,1,0
BRDA:19,2,0,0
BRDA:19,2,1,0
BRDA:24,3,0,0
BRDA:24,3,1,0
BRDA:25,4,0,0
BRDA:25,4,1,0
BRDA:25,5,0,0
BRDA:25,5,1,0
BRF:12
BRH:0
end_of_record
TN:
SF:src/components/ConnectButton.jsx
FN:5,(anonymous_0)
FNF:1
FNH:0
FNDA:0,(anonymous_0)
DA:5,1
DA:6,0
DA:7,0
LF:3
LH:1
BRF:0
BRH:0
end_of_record
TN:
SF:src/components/EducationCard.tsx
FN:17,WalletGraphic
FN:37,DepositSohm
FN:118,VaultGraphic
FN:138,LockInVault
FN:231,YieldGraphic
FN:251,RedeemGraphic
FN:271,ReceivesYield
FN:352,CurrPositionGraphic
FN:372,NewPositionGraphic
FN:392,ArrowGraphic
FNF:10
FNH:0
FNDA:0,WalletGraphic
FNDA:0,DepositSohm
FNDA:0,VaultGraphic
FNDA:0,LockInVault
FNDA:0,YieldGraphic
FNDA:0,RedeemGraphic
FNDA:0,ReceivesYield
FNDA:0,CurrPositionGraphic
FNDA:0,NewPositionGraphic
FNDA:0,ArrowGraphic
DA:18,0
DA:38,0
DA:39,0
DA:119,0
DA:139,0
DA:140,0
DA:232,0
DA:252,0
DA:272,0
DA:273,0
DA:353,0
DA:373,0
DA:393,0
LF:13
LH:0
BRDA:17,0,0,0
BRDA:39,1,0,0
BRDA:39,1,1,0
BRDA:118,2,0,0
BRDA:131,3,0,0
BRDA:131,3,1,0
BRDA:140,4,0,0
BRDA:140,4,1,0
BRDA:264,5,0,0
BRDA:264,5,1,0
BRDA:273,6,0,0
BRDA:273,6,1,0
BRF:12
BRH:0
end_of_record
TN:
SF:src/components/TabPanel.jsx
FN:4,TabPanel
FNF:1
FNH:0
FNDA:0,TabPanel
DA:5,0
DA:7,0
DA:21,1
LF:3
LH:1
BRDA:16,0,0,0
BRDA:16,0,1,0
BRF:2
BRH:0
end_of_record
TN:
SF:src/components/Announcement/Announcement.jsx
FN:11,Announcement
FN:15,(anonymous_1)
FNF:2
FNH:1
FNDA:4,Announcement
FNDA:0,(anonymous_1)
DA:12,4
DA:13,4
DA:15,4
DA:16,0
DA:19,4
LF:5
LH:4
BRDA:21,0,0,4
BRDA:21,0,1,4
BRDA:23,1,0,0
BRDA:23,1,1,4
BRF:4
BRH:3
end_of_record
TN:
SF:src/components/CallToAction/CallToAction.jsx
FN:7,(anonymous_0)
FN:25,(anonymous_1)
FN:31,(anonymous_2)
FN:40,(anonymous_3)
FNF:4
FNH:0
FNDA:0,(anonymous_0)
FNDA:0,(anonymous_1)
FNDA:0,(anonymous_2)
FNDA:0,(anonymous_3)
DA:7,1
DA:8,0
DA:25,1
DA:26,0
DA:32,0
DA:40,1
DA:41,0
LF:7
LH:3
BRF:0
BRH:0
end_of_record
TN:
SF:src/components/CardHeader/CardHeader.jsx
FN:5,(anonymous_0)
FNF:1
FNH:0
FNDA:0,(anonymous_0)
DA:5,1
DA:6,0
LF:2
LH:1
BRF:0
BRH:0
end_of_record
TN:
SF:src/components/Chart/Chart.jsx
FN:25,(anonymous_0)
FN:37,(anonymous_1)
FN:41,(anonymous_2)
FN:67,(anonymous_3)
FN:77,(anonymous_4)
FN:105,(anonymous_5)
FN:145,(anonymous_6)
FN:155,(anonymous_7)
FN:169,(anonymous_8)
FN:211,(anonymous_9)
FN:233,(anonymous_10)
FN:242,(anonymous_11)
FN:257,(anonymous_12)
FN:278,(anonymous_13)
FN:286,(anonymous_14)
FN:303,(anonymous_15)
FN:322,(anonymous_16)
FN:332,(anonymous_17)
FN:342,Chart
FN:364,(anonymous_19)
FN:368,(anonymous_20)
FN:372,(anonymous_21)
FN:443,(anonymous_22)
FNF:23
FNH:0
FNDA:0,(anonymous_0)
FNDA:0,(anonymous_1)
FNDA:0,(anonymous_2)
FNDA:0,(anonymous_3)
FNDA:0,(anonymous_4)
FNDA:0,(anonymous_5)
FNDA:0,(anonymous_6)
FNDA:0,(anonymous_7)
FNDA:0,(anonymous_8)
FNDA:0,(anonymous_9)
FNDA:0,(anonymous_10)
FNDA:0,(anonymous_11)
FNDA:0,(anonymous_12)
FNDA:0,(anonymous_13)
FNDA:0,(anonymous_14)
FNDA:0,(anonymous_15)
FNDA:0,(anonymous_16)
FNDA:0,(anonymous_17)
FNDA:0,Chart
FNDA:0,(anonymous_19)
FNDA:0,(anonymous_20)
FNDA:0,(anonymous_21)
FNDA:0,(anonymous_22)
DA:25,1
DA:26,0
DA:34,1
DA:35,1
DA:37,1
DA:38,0
DA:41,1
DA:55,0
DA:67,0
DA:78,0
DA:105,1
DA:117,0
DA:145,0
DA:156,0
DA:157,0
DA:158,0
DA:159,0
DA:160,0
DA:162,0
DA:169,0
DA:211,1
DA:224,0
DA:233,0
DA:243,0
DA:257,1
DA:269,0
DA:278,0
DA:286,0
DA:303,1
DA:314,0
DA:322,0
DA:332,0
DA:361,0
DA:362,0
DA:364,0
DA:365,0
DA:368,0
DA:369,0
DA:372,0
DA:373,0
DA:374,0
DA:387,0
DA:388,0
DA:402,0
DA:403,0
DA:415,0
DA:416,0
DA:429,0
DA:430,0
DA:443,0
DA:444,0
DA:445,0
DA:449,0
LF:53
LH:9
BRDA:38,0,0,0
BRDA:38,0,1,0
BRDA:73,1,0,0
BRDA:73,1,1,0
BRDA:76,2,0,0
BRDA:76,2,1,0
BRDA:78,3,0,0
BRDA:78,3,1,0
BRDA:79,4,0,0
BRDA:79,4,1,0
BRDA:151,5,0,0
BRDA:151,5,1,0
BRDA:154,6,0,0
BRDA:154,6,1,0
BRDA:156,7,0,0
BRDA:156,7,1,0
BRDA:157,8,0,0
BRDA:157,8,1,0
BRDA:159,9,0,0
BRDA:159,9,1,0
BRDA:174,10,0,0
BRDA:174,10,1,0
BRDA:181,11,0,0
BRDA:181,11,1,0
BRDA:188,12,0,0
BRDA:188,12,1,0
BRDA:195,13,0,0
BRDA:195,13,1,0
BRDA:202,14,0,0
BRDA:202,14,1,0
BRDA:237,15,0,0
BRDA:237,15,1,0
BRDA:237,16,0,0
BRDA:237,16,1,0
BRDA:243,17,0,0
BRDA:243,17,1,0
BRDA:243,18,0,0
BRDA:243,18,1,0
BRDA:245,19,0,0
BRDA:245,19,1,0
BRDA:252,20,0,0
BRDA:252,20,1,0
BRDA:282,21,0,0
BRDA:282,21,1,0
BRDA:286,22,0,0
BRDA:286,22,1,0
BRDA:328,23,0,0
BRDA:328,23,1,0
BRDA:332,24,0,0
BRDA:332,24,1,0
BRDA:373,25,0,0
BRDA:373,25,1,0
BRDA:387,26,0,0
BRDA:387,26,1,0
BRDA:402,27,0,0
BRDA:402,27,1,0
BRDA:415,28,0,0
BRDA:415,28,1,0
BRDA:429,29,0,0
BRDA:429,29,1,0
BRDA:444,30,0,0
BRDA:444,30,1,0
BRDA:449,31,0,0
BRDA:449,31,1,0
BRDA:492,32,0,0
BRDA:492,32,1,0
BRDA:500,33,0,0
BRDA:500,33,1,0
BRDA:506,34,0,0
BRDA:506,34,1,0
BRDA:506,35,0,0
BRDA:506,35,1,0
BRDA:506,35,2,0
BRF:73
BRH:0
end_of_record
TN:
SF:src/components/Chart/CustomTooltip.jsx
FN:4,(anonymous_0)
FN:17,(anonymous_1)
FN:25,(anonymous_2)
FN:63,(anonymous_3)
FN:80,CustomTooltip
FNF:5
FNH:0
FNDA:0,(anonymous_0)
FNDA:0,(anonymous_1)
FNDA:0,(anonymous_2)
FNDA:0,(anonymous_3)
FNDA:0,CustomTooltip
DA:4,1
DA:5,0
DA:17,1
DA:18,0
DA:25,1
DA:26,0
DA:64,0
DA:81,0
DA:82,0
DA:88,0
LF:10
LH:3
BRDA:5,0,0,0
BRDA:5,0,1,0
BRDA:18,1,0,0
BRDA:18,1,1,0
BRDA:25,2,0,0
BRDA:25,3,0,0
BRDA:26,4,0,0
BRDA:26,4,1,0
BRDA:44,5,0,0
BRDA:44,5,1,0
BRDA:81,6,0,0
BRDA:81,6,1,0
BRDA:81,7,0,0
BRDA:81,7,1,0
BRDA:81,7,2,0
BRF:15
BRH:0
end_of_record
TN:
SF:src/components/Chart/ExpandedChart.jsx
FN:6,ExpandedChart
FNF:1
FNH:0
FNDA:0,ExpandedChart
DA:16,0
LF:1
LH:0
BRDA:54,0,0,0
BRDA:54,0,1,0
BRDA:54,0,2,0
BRF:3
BRH:0
end_of_record
TN:
SF:src/components/GiveProject/GiveHeader.tsx
FN:15,GiveHeader
FNF:1
FNH:0
FNDA:0,GiveHeader
DA:16,0
DA:17,0
DA:18,0
DA:20,0
DA:22,0
LF:5
LH:0
BRDA:20,0,0,0
BRDA:20,0,1,0
BRDA:23,1,0,0
BRDA:23,1,1,0
BRDA:23,2,0,0
BRDA:23,2,1,0
BRDA:28,3,0,0
BRDA:28,3,1,0
BRDA:40,4,0,0
BRDA:40,4,1,0
BRDA:48,5,0,0
BRDA:48,5,1,0
BRDA:48,6,0,0
BRDA:48,6,1,0
BRDA:53,7,0,0
BRDA:53,7,1,0
BRF:16
BRH:0
end_of_record
TN:
SF:src/components/GiveProject/ProjectCard.tsx
FN:71,ProjectCard
FN:85,(anonymous_1)
FN:91,(anonymous_2)
FN:104,(anonymous_3)
FN:113,(anonymous_4)
FN:124,(anonymous_5)
FN:128,(anonymous_6)
FN:135,(anonymous_7)
FN:139,(anonymous_8)
FN:146,(anonymous_9)
FN:203,(anonymous_10)
FN:213,(anonymous_11)
FN:246,(anonymous_12)
FN:284,(anonymous_13)
FN:303,(anonymous_14)
FN:307,(anonymous_15)
FN:348,(anonymous_16)
FN:352,(anonymous_17)
FN:358,(anonymous_18)
FN:364,(anonymous_19)
FN:402,(anonymous_20)
FN:424,(anonymous_21)
FN:438,(anonymous_22)
FN:498,(anonymous_23)
FNF:24
FNH:0
FNDA:0,ProjectCard
FNDA:0,(anonymous_1)
FNDA:0,(anonymous_2)
FNDA:0,(anonymous_3)
FNDA:0,(anonymous_4)
FNDA:0,(anonymous_5)
FNDA:0,(anonymous_6)
FNDA:0,(anonymous_7)
FNDA:0,(anonymous_8)
FNDA:0,(anonymous_9)
FNDA:0,(anonymous_10)
FNDA:0,(anonymous_11)
FNDA:0,(anonymous_12)
FNDA:0,(anonymous_13)
FNDA:0,(anonymous_14)
FNDA:0,(anonymous_15)
FNDA:0,(anonymous_16)
FNDA:0,(anonymous_17)
FNDA:0,(anonymous_18)
FNDA:0,(anonymous_19)
FNDA:0,(anonymous_20)
FNDA:0,(anonymous_21)
FNDA:0,(anonymous_22)
FNDA:0,(anonymous_23)
DA:72,0
DA:73,0
DA:74,0
DA:75,0
DA:76,0
DA:77,0
DA:78,0
DA:79,0
DA:80,0
DA:81,0
DA:83,0
DA:85,0
DA:86,0
DA:91,0
DA:92,0
DA:97,0
DA:100,0
DA:102,0
DA:104,0
DA:105,0
DA:106,0
DA:107,0
DA:108,0
DA:113,0
DA:114,0
DA:119,0
DA:125,0
DA:126,0
DA:128,0
DA:130,0
DA:136,0
DA:137,0
DA:139,0
DA:143,0
DA:146,0
DA:147,0
DA:148,0
DA:168,0
DA:203,0
DA:204,0
DA:205,0
DA:206,0
DA:208,0
DA:210,0
DA:213,0
DA:214,0
DA:216,0
DA:218,0
DA:246,0
DA:247,0
DA:248,0
DA:250,0
DA:284,0
DA:286,0
DA:287,0
DA:294,0
DA:303,0
DA:304,0
DA:307,0
DA:312,0
DA:313,0
DA:317,0
DA:318,0
DA:331,0
DA:345,0
DA:348,0
DA:349,0
DA:352,0
DA:353,0
DA:355,0
DA:358,0
DA:359,0
DA:364,0
DA:365,0
DA:402,0
DA:424,0
DA:425,0
DA:427,0
DA:438,0
DA:439,0
DA:498,0
DA:572,0
DA:573,0
LF:83
LH:0
BRDA:74,0,0,0
BRDA:74,0,1,0
BRDA:75,1,0,0
BRDA:75,1,1,0
BRDA:86,2,0,0
BRDA:86,2,1,0
BRDA:86,3,0,0
BRDA:86,3,1,0
BRDA:87,4,0,0
BRDA:87,4,1,0
BRDA:88,5,0,0
BRDA:88,5,1,0
BRDA:92,6,0,0
BRDA:92,6,1,0
BRDA:92,7,0,0
BRDA:92,7,1,0
BRDA:93,8,0,0
BRDA:93,8,1,0
BRDA:94,9,0,0
BRDA:94,9,1,0
BRDA:102,10,0,0
BRDA:102,10,1,0
BRDA:106,11,0,0
BRDA:106,11,1,0
BRDA:114,12,0,0
BRDA:114,12,1,0
BRDA:114,13,0,0
BRDA:114,13,1,0
BRDA:136,14,0,0
BRDA:136,14,1,0
BRDA:143,15,0,0
BRDA:143,15,1,0
BRDA:147,16,0,0
BRDA:147,16,1,0
BRDA:174,17,0,0
BRDA:174,17,1,0
BRDA:204,18,0,0
BRDA:204,18,1,0
BRDA:205,19,0,0
BRDA:205,19,1,0
BRDA:206,20,0,0
BRDA:206,20,1,0
BRDA:216,21,0,0
BRDA:216,21,1,0
BRDA:226,22,0,0
BRDA:226,22,1,0
BRDA:235,23,0,0
BRDA:235,23,1,0
BRDA:247,24,0,0
BRDA:247,24,1,0
BRDA:257,25,0,0
BRDA:257,25,1,0
BRDA:286,26,0,0
BRDA:286,26,1,0
BRDA:286,27,0,0
BRDA:286,27,1,0
BRDA:312,28,0,0
BRDA:312,28,1,0
BRDA:317,29,0,0
BRDA:317,29,1,0
BRDA:317,30,0,0
BRDA:317,30,1,0
BRDA:353,31,0,0
BRDA:353,31,1,0
BRDA:360,32,0,0
BRDA:360,32,1,0
BRDA:368,33,0,0
BRDA:368,33,1,0
BRDA:425,34,0,0
BRDA:425,34,1,0
BRDA:443,35,0,0
BRDA:443,35,1,0
BRDA:443,36,0,0
BRDA:443,36,1,0
BRDA:444,37,0,0
BRDA:444,37,1,0
BRDA:444,38,0,0
BRDA:444,38,1,0
BRDA:450,39,0,0
BRDA:450,39,1,0
BRDA:458,40,0,0
BRDA:458,40,1,0
BRDA:459,41,0,0
BRDA:459,41,1,0
BRDA:460,42,0,0
BRDA:460,42,1,0
BRDA:470,43,0,0
BRDA:470,43,1,0
BRDA:470,44,0,0
BRDA:470,44,1,0
BRDA:470,44,2,0
BRDA:499,45,0,0
BRDA:499,45,1,0
BRDA:526,46,0,0
BRDA:526,46,1,0
BRDA:542,47,0,0
BRDA:542,47,1,0
BRDA:542,48,0,0
BRDA:542,48,1,0
BRDA:542,48,2,0
BRDA:543,49,0,0
BRDA:543,49,1,0
BRDA:543,50,0,0
BRDA:543,50,1,0
BRDA:543,50,2,0
BRDA:544,51,0,0
BRDA:544,51,1,0
BRDA:544,52,0,0
BRDA:544,52,1,0
BRDA:544,52,2,0
BRDA:572,53,0,0
BRDA:572,53,1,0
BRF:112
BRH:0
end_of_record
TN:
SF:src/components/GiveProject/project.type.ts
FNF:0
FNH:0
LF:0
LH:0
BRF:0
BRH:0
end_of_record
TN:
SF:src/components/GiveProject/utils.ts
FN:1,(anonymous_0)
FN:9,(anonymous_1)
FN:13,(anonymous_2)
FNF:3
FNH:0
FNDA:0,(anonymous_0)
FNDA:0,(anonymous_1)
FNDA:0,(anonymous_2)
DA:1,1
DA:2,0
DA:3,0
DA:4,0
DA:6,0
DA:9,1
DA:10,0
DA:13,1
DA:14,0
LF:9
LH:3
BRDA:3,0,0,0
BRDA:3,0,1,0
BRDA:4,1,0,0
BRDA:4,1,1,0
BRF:4
BRH:0
end_of_record
TN:
SF:src/components/Messages/ConsoleInterceptor.js
FN:8,(anonymous_0)
FNF:1
FNH:1
FNDA:7,(anonymous_0)
DA:5,1
DA:8,1
DA:9,7
DA:10,0
DA:12,7
DA:14,1
DA:17,1
DA:18,1
DA:19,1
LF:9
LH:8
BRDA:9,0,0,0
BRDA:9,0,1,7
BRDA:17,1,0,1
BRDA:17,1,1,0
BRF:4
BRH:2
end_of_record
TN:
SF:src/components/Messages/Messages.jsx
FN:17,Linear
FN:22,(anonymous_1)
FN:23,(anonymous_2)
FN:24,(anonymous_3)
FN:35,(anonymous_4)
FN:48,Messages
FN:49,(anonymous_6)
FN:52,(anonymous_7)
FN:53,(anonymous_8)
FN:60,(anonymous_9)
FN:84,(anonymous_10)
FNF:11
FNH:7
FNDA:3,Linear
FNDA:1,(anonymous_1)
FNDA:0,(anonymous_2)
FNDA:0,(anonymous_3)
FNDA:1,(anonymous_4)
FNDA:4,Messages
FNDA:19,(anonymous_6)
FNDA:3,(anonymous_7)
FNDA:0,(anonymous_8)
FNDA:3,(anonymous_9)
FNDA:0,(anonymous_10)
DA:10,1
DA:18,3
DA:19,3
DA:20,3
DA:22,3
DA:23,1
DA:24,0
DA:25,0
DA:26,0
DA:27,0
DA:28,0
DA:30,0
DA:31,0
DA:35,1
DA:36,1
DA:40,3
DA:49,19
DA:50,4
DA:52,4
DA:53,3
DA:54,0
DA:57,4
DA:61,3
DA:81,0
DA:84,1
DA:85,0
LF:26
LH:16
BRDA:25,0,0,0
BRDA:25,0,1,0
BRF:2
BRH:0
end_of_record
TN:
SF:src/components/Migration/MigrationModal.tsx
FN:28,(anonymous_0)
FN:43,MigrationModal
FN:50,(anonymous_2)
FN:54,(anonymous_3)
FN:58,(anonymous_4)
FN:70,(anonymous_5)
FN:72,(anonymous_6)
FN:85,(anonymous_7)
FN:86,(anonymous_8)
FN:88,(anonymous_9)
FN:89,(anonymous_10)
FN:90,(anonymous_11)
FN:91,(anonymous_12)
FN:97,(anonymous_13)
FN:100,(anonymous_14)
FN:101,(anonymous_15)
FN:102,(anonymous_16)
FN:115,(anonymous_17)
FN:126,(anonymous_18)
FN:127,(anonymous_19)
FN:129,(anonymous_20)
FN:217,(anonymous_21)
FN:218,(anonymous_22)
FN:242,(anonymous_23)
FN:309,(anonymous_24)
FN:310,(anonymous_25)
FN:339,(anonymous_26)
FNF:27
FNH:0
FNDA:0,(anonymous_0)
FNDA:0,MigrationModal
FNDA:0,(anonymous_2)
FNDA:0,(anonymous_3)
FNDA:0,(anonymous_4)
FNDA:0,(anonymous_5)
FNDA:0,(anonymous_6)
FNDA:0,(anonymous_7)
FNDA:0,(anonymous_8)
FNDA:0,(anonymous_9)
FNDA:0,(anonymous_10)
FNDA:0,(anonymous_11)
FNDA:0,(anonymous_12)
FNDA:0,(anonymous_13)
FNDA:0,(anonymous_14)
FNDA:0,(anonymous_15)
FNDA:0,(anonymous_16)
FNDA:0,(anonymous_17)
FNDA:0,(anonymous_18)
FNDA:0,(anonymous_19)
FNDA:0,(anonymous_20)
FNDA:0,(anonymous_21)
FNDA:0,(anonymous_22)
FNDA:0,(anonymous_23)
FNDA:0,(anonymous_24)
FNDA:0,(anonymous_25)
FNDA:0,(anonymous_26)
DA:28,1
DA:29,0
DA:37,1
DA:44,0
DA:45,0
DA:46,0
DA:47,0
DA:49,0
DA:50,0
DA:51,0
DA:54,0
DA:55,0
DA:58,0
DA:59,0
DA:69,0
DA:70,0
DA:72,0
DA:73,0
DA:85,0
DA:86,0
DA:88,0
DA:89,0
DA:90,0
DA:91,0
DA:92,0
DA:97,0
DA:98,0
DA:100,0
DA:101,0
DA:102,0
DA:103,0
DA:104,0
DA:105,0
DA:106,0
DA:108,0
DA:109,0
DA:111,0
DA:112,0
DA:113,0
DA:115,0
DA:116,0
DA:122,0
DA:125,0
DA:126,0
DA:127,0
DA:129,0
DA:131,0
DA:158,0
DA:217,0
DA:219,0
DA:242,0
DA:309,0
DA:311,0
DA:339,0
LF:54
LH:2
BRDA:60,0,0,0
BRDA:60,0,1,0
BRDA:61,1,0,0
BRDA:61,1,1,0
BRDA:61,2,0,0
BRDA:61,2,1,0
BRDA:61,2,2,0
BRDA:106,3,0,0
BRDA:106,3,1,0
BRDA:106,3,2,0
BRDA:116,4,0,0
BRDA:116,4,1,0
BRDA:117,5,0,0
BRDA:117,5,1,0
BRDA:117,5,2,0
BRDA:117,5,3,0
BRDA:117,5,4,0
BRDA:117,5,5,0
BRDA:117,5,6,0
BRDA:126,6,0,0
BRDA:126,6,1,0
BRDA:127,7,0,0
BRDA:127,7,1,0
BRDA:169,8,0,0
BRDA:169,8,1,0
BRDA:169,9,0,0
BRDA:169,9,1,0
BRDA:171,10,0,0
BRDA:171,10,1,0
BRDA:177,11,0,0
BRDA:177,11,1,0
BRDA:177,12,0,0
BRDA:177,12,1,0
BRDA:178,13,0,0
BRDA:178,13,1,0
BRDA:178,14,0,0
BRDA:178,14,1,0
BRDA:179,15,0,0
BRDA:179,15,1,0
BRDA:180,16,0,0
BRDA:180,16,1,0
BRDA:214,17,0,0
BRDA:214,17,1,0
BRDA:231,18,0,0
BRDA:231,18,1,0
BRDA:231,19,0,0
BRDA:231,19,1,0
BRDA:235,20,0,0
BRDA:235,20,1,0
BRDA:328,21,0,0
BRDA:328,21,1,0
BRDA:328,22,0,0
BRDA:328,22,1,0
BRDA:332,23,0,0
BRDA:332,23,1,0
BRDA:365,24,0,0
BRDA:365,24,1,0
BRDA:366,25,0,0
BRDA:366,25,1,0
BRDA:366,26,0,0
BRDA:366,26,1,0
BRDA:371,27,0,0
BRDA:371,27,1,0
BRDA:371,28,0,0
BRDA:371,28,1,0
BRDA:376,29,0,0
BRDA:376,29,1,0
BRDA:384,30,0,0
BRDA:384,30,1,0
BRF:69
BRH:0
end_of_record
TN:
SF:src/components/Migration/MigrationModalSingle.tsx
FN:28,(anonymous_0)
FN:43,MigrationModalSingle
FN:50,(anonymous_2)
FN:54,(anonymous_3)
FN:58,(anonymous_4)
FN:71,(anonymous_5)
FN:84,(anonymous_6)
FN:85,(anonymous_7)
FN:87,(anonymous_8)
FN:88,(anonymous_9)
FN:89,(anonymous_10)
FN:90,(anonymous_11)
FN:96,(anonymous_12)
FN:99,(anonymous_13)
FN:100,(anonymous_14)
FN:101,(anonymous_15)
FN:114,(anonymous_16)
FN:115,(anonymous_17)
FN:117,(anonymous_18)
FN:205,(anonymous_19)
FN:206,(anonymous_20)
FN:226,(anonymous_21)
FN:236,(anonymous_22)
FN:303,(anonymous_23)
FN:304,(anonymous_24)
FN:329,(anonymous_25)
FN:339,(anonymous_26)
FNF:27
FNH:17
FNDA:12,(anonymous_0)
FNDA:4,MigrationModalSingle
FNDA:0,(anonymous_2)
FNDA:19,(anonymous_3)
FNDA:19,(anonymous_4)
FNDA:0,(anonymous_5)
FNDA:8,(anonymous_6)
FNDA:8,(anonymous_7)
FNDA:19,(anonymous_8)
FNDA:19,(anonymous_9)
FNDA:19,(anonymous_10)
FNDA:8,(anonymous_11)
FNDA:19,(anonymous_12)
FNDA:19,(anonymous_13)
FNDA:19,(anonymous_14)
FNDA:19,(anonymous_15)
FNDA:1,(anonymous_16)
FNDA:1,(anonymous_17)
FNDA:0,(anonymous_18)
FNDA:0,(anonymous_19)
FNDA:0,(anonymous_20)
FNDA:0,(anonymous_21)
FNDA:0,(anonymous_22)
FNDA:12,(anonymous_23)
FNDA:0,(anonymous_24)
FNDA:0,(anonymous_25)
FNDA:0,(anonymous_26)
DA:28,1
DA:29,12
DA:37,1
DA:44,4
DA:45,4
DA:46,4
DA:47,4
DA:49,4
DA:50,4
DA:51,0
DA:54,4
DA:55,19
DA:58,4
DA:59,19
DA:69,4
DA:71,4
DA:72,0
DA:84,8
DA:85,8
DA:87,19
DA:88,19
DA:89,19
DA:90,8
DA:91,4
DA:96,4
DA:97,19
DA:99,19
DA:100,19
DA:101,19
DA:102,4
DA:103,4
DA:104,4
DA:106,4
DA:107,4
DA:109,4
DA:110,4
DA:111,4
DA:113,4
DA:114,4
DA:115,4
DA:117,4
DA:118,0
DA:120,4
DA:153,4
DA:205,0
DA:207,0
DA:226,0
DA:236,0
DA:303,12
DA:305,0
DA:329,0
DA:339,0
LF:52
LH:42
BRDA:60,0,0,19
BRDA:60,0,1,19
BRDA:61,1,0,0
BRDA:61,1,1,19
BRDA:61,2,0,19
BRDA:61,2,1,19
BRDA:61,2,2,19
BRDA:114,3,0,1
BRDA:114,3,1,0
BRDA:115,4,0,1
BRDA:115,4,1,0
BRDA:163,5,0,4
BRDA:163,5,1,0
BRDA:166,6,0,4
BRDA:166,6,1,0
BRDA:167,7,0,0
BRDA:167,7,1,0
BRDA:167,8,0,0
BRDA:167,8,1,0
BRDA:168,9,0,0
BRDA:168,9,1,0
BRDA:202,10,0,0
BRDA:202,10,1,4
BRDA:205,11,0,0
BRDA:205,11,1,0
BRDA:219,12,0,0
BRDA:219,12,1,0
BRDA:223,13,0,0
BRDA:223,13,1,0
BRDA:303,14,0,12
BRDA:303,14,1,0
BRDA:322,15,0,0
BRDA:322,15,1,0
BRDA:326,16,0,0
BRDA:326,16,1,0
BRDA:363,17,0,0
BRDA:363,17,1,4
BRF:37
BRH:13
end_of_record
TN:
SF:src/components/RebaseTimer/RebaseTimer.jsx
FN:11,RebaseTimer
FN:20,(anonymous_1)
FN:23,(anonymous_2)
FN:27,initializeTimer
FN:36,(anonymous_4)
FN:44,(anonymous_5)
FN:47,(anonymous_6)
FN:48,(anonymous_7)
FN:53,reload
FN:60,(anonymous_9)
FN:66,(anonymous_10)
FNF:11
FNH:6
FNDA:3,RebaseTimer
FNDA:17,(anonymous_1)
FNDA:17,(anonymous_2)
FNDA:0,initializeTimer
FNDA:1,(anonymous_4)
FNDA:1,(anonymous_5)
FNDA:0,(anonymous_6)
FNDA:0,(anonymous_7)
FNDA:0,reload
FNDA:0,(anonymous_9)
FNDA:1,(anonymous_10)
DA:12,3
DA:13,3
DA:15,3
DA:16,3
DA:17,3
DA:18,3
DA:20,3
DA:21,17
DA:23,3
DA:24,17
DA:28,0
DA:29,0
DA:30,0
DA:31,0
DA:32,0
DA:36,3
DA:37,1
DA:38,0
DA:44,3
DA:45,1
DA:46,1
DA:47,1
DA:48,0
DA:52,0
DA:54,0
DA:56,0
DA:57,0
DA:59,0
DA:60,0
DA:61,0
DA:62,0
DA:63,0
DA:66,1
DA:69,3
LF:34
LH:18
BRDA:32,0,0,0
BRDA:32,0,1,0
BRDA:37,1,0,0
BRDA:37,1,1,1
BRDA:46,2,0,1
BRDA:46,2,1,0
BRDA:52,3,0,0
BRDA:52,3,1,0
BRDA:63,4,0,0
BRDA:63,4,1,0
BRDA:72,5,0,0
BRDA:72,5,1,3
BRDA:73,6,0,0
BRDA:73,6,1,0
BRF:14
BRH:3
end_of_record
TN:
SF:src/components/Sidebar/NavContent.jsx
FN:32,NavContent
FN:39,(anonymous_1)
FN:40,(anonymous_2)
FN:43,(anonymous_3)
FN:44,(anonymous_4)
FN:48,(anonymous_5)
FN:51,(anonymous_6)
FN:52,(anonymous_7)
FN:56,(anonymous_8)
FN:98,(anonymous_9)
FN:121,(anonymous_10)
FN:197,(anonymous_11)
FNF:12
FNH:7
FNDA:4,NavContent
FNDA:8,(anonymous_1)
FNDA:0,(anonymous_2)
FNDA:4,(anonymous_3)
FNDA:0,(anonymous_4)
FNDA:4,(anonymous_5)
FNDA:0,(anonymous_6)
FNDA:0,(anonymous_7)
FNDA:44,(anonymous_8)
FNDA:0,(anonymous_9)
FNDA:48,(anonymous_10)
FNDA:16,(anonymous_11)
DA:33,4
DA:34,4
DA:35,4
DA:36,4
DA:37,4
DA:39,4
DA:40,8
DA:43,4
DA:44,4
DA:45,0
DA:46,0
DA:48,4
DA:50,4
DA:51,0
DA:53,0
DA:56,44
DA:58,4
DA:99,0
DA:122,48
DA:123,8
DA:198,16
LF:21
LH:16
BRDA:53,0,0,0
BRDA:53,0,1,0
BRDA:53,1,0,0
BRDA:53,1,1,0
BRDA:77,2,0,4
BRDA:77,2,1,0
BRDA:77,3,0,4
BRDA:77,3,1,0
BRDA:110,4,0,0
BRDA:110,4,1,0
BRDA:116,5,0,4
BRDA:116,5,1,0
BRDA:122,6,0,8
BRDA:122,6,1,40
BRDA:122,7,0,48
BRDA:122,7,1,40
BRDA:131,8,0,8
BRDA:131,8,1,0
BRDA:138,9,0,0
BRDA:138,9,1,0
BRDA:140,10,0,0
BRDA:140,10,1,0
BRDA:142,11,0,0
BRDA:142,11,1,0
BRDA:162,12,0,4
BRDA:162,12,1,4
BRF:26
BRH:10
end_of_record
TN:
SF:src/components/Sidebar/NavDrawer.jsx
FN:7,(anonymous_0)
FN:20,NavDrawer
FNF:2
FNH:0
FNDA:0,(anonymous_0)
FNDA:0,NavDrawer
DA:5,1
DA:7,1
DA:21,0
DA:22,0
DA:24,0
LF:5
LH:2
BRF:0
BRH:0
end_of_record
TN:
SF:src/components/Sidebar/Sidebar.jsx
FN:5,Sidebar
FNF:1
FNH:1
FNDA:5,Sidebar
DA:6,5
LF:1
LH:1
BRF:0
BRH:0
end_of_record
TN:
SF:src/components/Sidebar/Social.tsx
FN:4,Social
FNF:1
FNH:1
FNDA:4,Social
DA:5,4
LF:1
LH:1
BRF:0
BRH:0
end_of_record
TN:
SF:src/components/Sidebar/externalUrls.jsx
FNF:0
FNH:0
DA:3,1
LF:1
LH:1
BRF:0
BRH:0
end_of_record
TN:
SF:src/components/TopBar/NetworkMenu.jsx
FN:9,NetworkMenu
FN:13,(anonymous_1)
FNF:2
FNH:0
FNDA:0,NetworkMenu
FNDA:0,(anonymous_1)
DA:10,0
DA:11,0
DA:13,0
DA:14,0
DA:17,0
LF:5
LH:0
BRDA:14,0,0,0
BRDA:14,0,1,0
BRF:2
BRH:0
end_of_record
TN:
SF:src/components/TopBar/ThemeSwitch.jsx
FN:7,ThemeSwitcher
FN:14,(anonymous_1)
FNF:2
FNH:1
FNDA:4,ThemeSwitcher
FNDA:0,(anonymous_1)
DA:8,4
DA:14,0
LF:2
LH:1
BRDA:16,0,0,1
BRDA:16,0,1,3
BRF:2
BRH:2
end_of_record
TN:
SF:src/components/TopBar/TopBar.tsx
FN:12,(anonymous_0)
FN:38,TopBar
FNF:2
FNH:2
FNDA:2,(anonymous_0)
FNDA:4,TopBar
DA:12,2
DA:39,4
DA:41,4
LF:3
LH:3
BRF:0
BRH:0
end_of_record
TN:
SF:src/components/TopBar/Wallet/InitialWalletView.tsx
FN:25,(anonymous_0)
FN:60,(anonymous_1)
FN:101,(anonymous_2)
FN:110,(anonymous_3)
FN:118,(anonymous_4)
FN:121,(anonymous_5)
FN:122,(anonymous_6)
FN:126,(anonymous_7)
FN:134,(anonymous_8)
FN:146,InitialWalletView
FNF:10
FNH:0
FNDA:0,(anonymous_0)
FNDA:0,(anonymous_1)
FNDA:0,(anonymous_2)
FNDA:0,(anonymous_3)
FNDA:0,(anonymous_4)
FNDA:0,(anonymous_5)
FNDA:0,(anonymous_6)
FNDA:0,(anonymous_7)
FNDA:0,(anonymous_8)
FNDA:0,InitialWalletView
DA:25,1
DA:36,0
DA:37,0
DA:60,1
DA:61,0
DA:62,0
DA:101,1
DA:102,0
DA:103,0
DA:110,1
DA:118,1
DA:119,0
DA:120,0
DA:121,0
DA:122,0
DA:123,0
DA:125,0
DA:126,0
DA:129,0
DA:133,0
DA:134,0
DA:147,0
DA:148,0
DA:149,0
DA:150,0
DA:152,0
LF:26
LH:5
BRDA:85,0,0,0
BRDA:85,0,1,0
BRDA:121,1,0,0
BRDA:121,1,1,0
BRDA:121,1,2,0
BRDA:122,2,0,0
BRDA:122,2,1,0
BRDA:134,3,0,0
BRDA:134,3,1,0
BRDA:139,4,0,0
BRDA:139,4,1,0
BRDA:172,5,0,0
BRDA:172,5,1,0
BRDA:179,6,0,0
BRDA:179,6,1,0
BRDA:187,7,0,0
BRDA:187,7,1,0
BRF:17
BRH:0
end_of_record
TN:
SF:src/components/TopBar/Wallet/Token.tsx
FN:40,(anonymous_0)
FN:71,(anonymous_1)
FN:104,(anonymous_2)
FN:129,(anonymous_3)
FN:148,(anonymous_4)
FN:161,(anonymous_5)
FN:188,(anonymous_6)
FN:200,(anonymous_7)
FN:221,(anonymous_8)
FN:253,(anonymous_9)
FN:254,(anonymous_10)
FN:256,(anonymous_11)
FN:264,(anonymous_12)
FN:265,(anonymous_13)
FN:266,(anonymous_14)
FN:337,(anonymous_15)
FN:351,(anonymous_16)
FN:352,(anonymous_17)
FN:359,(anonymous_18)
FN:362,(anonymous_19)
FN:369,(anonymous_20)
FN:372,(anonymous_21)
FN:373,(anonymous_22)
FN:378,(anonymous_23)
FN:383,(anonymous_24)
FN:386,(anonymous_25)
FNF:26
FNH:0
FNDA:0,(anonymous_0)
FNDA:0,(anonymous_1)
FNDA:0,(anonymous_2)
FNDA:0,(anonymous_3)
FNDA:0,(anonymous_4)
FNDA:0,(anonymous_5)
FNDA:0,(anonymous_6)
FNDA:0,(anonymous_7)
FNDA:0,(anonymous_8)
FNDA:0,(anonymous_9)
FNDA:0,(anonymous_10)
FNDA:0,(anonymous_11)
FNDA:0,(anonymous_12)
FNDA:0,(anonymous_13)
FNDA:0,(anonymous_14)
FNDA:0,(anonymous_15)
FNDA:0,(anonymous_16)
FNDA:0,(anonymous_17)
FNDA:0,(anonymous_18)
FNDA:0,(anonymous_19)
FNDA:0,(anonymous_20)
FNDA:0,(anonymous_21)
FNDA:0,(anonymous_22)
FNDA:0,(anonymous_23)
FNDA:0,(anonymous_24)
FNDA:0,(anonymous_25)
DA:24,1
DA:40,1
DA:71,1
DA:72,0
DA:73,0
DA:74,0
DA:75,0
DA:87,0
DA:93,0
DA:104,1
DA:115,0
DA:129,1
DA:140,0
DA:148,1
DA:160,0
DA:161,0
DA:162,0
DA:165,0
DA:167,0
DA:189,0
DA:201,0
DA:221,1
DA:222,0
DA:223,0
DA:224,0
DA:253,1
DA:254,0
DA:256,1
DA:262,0
DA:264,0
DA:265,0
DA:266,0
DA:268,0
DA:270,0
DA:337,0
DA:338,0
DA:339,0
DA:340,0
DA:341,0
DA:351,1
DA:352,0
DA:356,0
DA:359,1
DA:360,0
DA:361,0
DA:362,0
DA:363,0
DA:365,0
DA:366,0
DA:367,0
DA:369,0
DA:372,0
DA:373,0
DA:376,0
DA:379,0
DA:383,0
DA:386,0
LF:57
LH:11
BRDA:72,0,0,0
BRDA:72,0,1,0
BRDA:107,1,0,0
BRDA:117,2,0,0
BRDA:117,2,1,0
BRDA:120,3,0,0
BRDA:120,3,1,0
BRDA:121,4,0,0
BRDA:121,4,1,0
BRDA:152,5,0,0
BRDA:161,6,0,0
BRDA:161,6,1,0
BRDA:161,6,2,0
BRDA:165,7,0,0
BRDA:165,7,1,0
BRDA:178,8,0,0
BRDA:178,8,1,0
BRDA:186,9,0,0
BRDA:186,9,1,0
BRDA:189,10,0,0
BRDA:189,10,1,0
BRDA:198,11,0,0
BRDA:198,11,1,0
BRDA:201,12,0,0
BRDA:201,12,1,0
BRDA:221,13,0,0
BRDA:221,14,0,0
BRDA:253,15,0,0
BRDA:254,16,0,0
BRDA:254,17,0,0
BRDA:254,17,1,0
BRDA:262,18,0,0
BRDA:262,18,1,0
BRDA:275,19,0,0
BRDA:275,19,1,0
BRDA:283,20,0,0
BRDA:283,20,1,0
BRDA:291,21,0,0
BRDA:291,21,1,0
BRDA:299,22,0,0
BRDA:299,22,1,0
BRDA:310,23,0,0
BRDA:310,23,1,0
BRDA:310,24,0,0
BRDA:310,24,1,0
BRDA:319,25,0,0
BRDA:319,25,1,0
BRDA:327,26,0,0
BRDA:327,26,1,0
BRDA:327,27,0,0
BRDA:327,27,1,0
BRDA:340,28,0,0
BRDA:340,28,1,0
BRDA:340,28,2,0
BRDA:362,29,0,0
BRDA:362,29,1,0
BRDA:362,29,2,0
BRDA:372,30,0,0
BRDA:372,30,1,0
BRDA:381,31,0,0
BRDA:381,31,1,0
BRDA:383,32,0,0
BRDA:383,32,1,0
BRDA:385,33,0,0
BRDA:385,33,1,0
BRDA:386,34,0,0
BRDA:386,34,1,0
BRF:67
BRH:0
end_of_record
TN:
SF:src/components/TopBar/Wallet/WalletAddressEns.tsx
FN:5,WalletAddressEns
FNF:1
FNH:1
FNDA:4,WalletAddressEns
DA:6,4
DA:7,4
DA:9,4
LF:3
LH:3
BRDA:11,0,0,4
BRDA:11,0,1,0
BRDA:13,1,0,0
BRDA:13,1,1,0
BRDA:15,2,0,0
BRDA:15,2,1,0
BRF:6
BRH:1
end_of_record
TN:
SF:src/components/TopBar/Wallet/index.tsx
FN:9,(anonymous_0)
FN:22,(anonymous_1)
FN:32,Wallet
FN:34,(anonymous_3)
FN:35,(anonymous_4)
FNF:5
FNH:3
FNDA:4,(anonymous_0)
FNDA:2,(anonymous_1)
FNDA:4,Wallet
FNDA:0,(anonymous_3)
FNDA:0,(anonymous_4)
DA:9,1
DA:10,4
DA:11,4
DA:12,4
DA:13,4
DA:14,4
DA:22,2
DA:33,4
DA:34,4
DA:35,4
DA:40,4
DA:42,4
LF:12
LH:12
BRDA:11,0,0,0
BRDA:11,0,1,4
BRDA:12,1,0,0
BRDA:12,1,1,4
BRF:4
BRH:2
end_of_record
TN:
SF:src/helpers/33Together.ts
FN:12,(anonymous_0)
FN:29,(anonymous_1)
FN:45,(anonymous_2)
FN:54,(anonymous_3)
FN:64,(anonymous_4)
FN:87,(anonymous_5)
FNF:6
FNH:0
FNDA:0,(anonymous_0)
FNDA:0,(anonymous_1)
FNDA:0,(anonymous_2)
FNDA:0,(anonymous_3)
FNDA:0,(anonymous_4)
FNDA:0,(anonymous_5)
DA:12,1
DA:14,0
DA:15,0
DA:17,0
DA:19,0
DA:29,1
DA:33,0
DA:34,0
DA:35,0
DA:38,0
DA:39,0
DA:45,1
DA:46,0
DA:54,1
DA:55,0
DA:64,1
DA:66,0
DA:68,0
DA:69,0
DA:74,0
DA:87,1
DA:88,0
LF:22
LH:6
BRDA:14,0,0,0
BRDA:14,0,1,0
BRDA:14,1,0,0
BRDA:14,1,1,0
BRDA:14,1,2,0
BRDA:35,2,0,0
BRDA:35,2,1,0
BRDA:68,3,0,0
BRDA:68,3,1,0
BRDA:87,4,0,0
BRDA:88,5,0,0
BRDA:88,5,1,0
BRF:12
BRH:0
end_of_record
TN:
SF:src/helpers/AllBonds.ts
FN:281,(anonymous_0)
FN:339,(anonymous_1)
FN:401,(anonymous_2)
FN:716,(anonymous_3)
FN:798,(anonymous_4)
FN:847,(anonymous_5)
FNF:6
FNH:1
FNDA:0,(anonymous_0)
FNDA:0,(anonymous_1)
FNDA:0,(anonymous_2)
FNDA:0,(anonymous_3)
FNDA:0,(anonymous_4)
FNDA:12,(anonymous_5)
DA:37,1
DA:86,1
DA:131,1
DA:180,1
DA:230,1
DA:282,0
DA:283,0
DA:284,0
DA:285,0
DA:286,0
DA:287,0
DA:288,0
DA:292,1
DA:340,0
DA:341,0
DA:342,0
DA:343,0
DA:344,0
DA:349,1
DA:402,0
DA:403,0
DA:404,0
DA:405,0
DA:406,0
DA:410,1
DA:459,1
DA:512,1
DA:560,1
DA:613,1
DA:667,1
DA:717,0
DA:718,0
DA:719,0
DA:720,0
DA:721,0
DA:722,0
DA:723,0
DA:724,0
DA:725,0
DA:726,0
DA:728,0
DA:729,0
DA:732,0
DA:733,0
DA:734,0
DA:735,0
DA:736,0
DA:737,0
DA:739,0
DA:740,0
DA:745,1
DA:799,0
DA:800,0
DA:801,0
DA:802,0
DA:803,0
DA:804,0
DA:805,0
DA:806,0
DA:807,0
DA:808,0
DA:810,0
DA:811,0
DA:814,0
DA:815,0
DA:816,0
DA:817,0
DA:818,0
DA:819,0
DA:821,0
DA:822,0
DA:831,1
DA:846,1
DA:847,1
DA:848,12
LF:75
LH:18
BRDA:717,0,0,0
BRDA:717,0,1,0
BRDA:725,1,0,0
BRDA:725,1,1,0
BRDA:726,2,0,0
BRDA:726,2,1,0
BRDA:736,3,0,0
BRDA:736,3,1,0
BRDA:737,4,0,0
BRDA:737,4,1,0
BRDA:799,5,0,0
BRDA:799,5,1,0
BRDA:807,6,0,0
BRDA:807,6,1,0
BRDA:808,7,0,0
BRDA:808,7,1,0
BRDA:818,8,0,0
BRDA:818,8,1,0
BRDA:819,9,0,0
BRDA:819,9,1,0
BRF:20
BRH:0
end_of_record
TN:
SF:src/helpers/AllExternalPools.ts
FN:75,(anonymous_0)
FN:77,(anonymous_1)
FNF:2
FNH:2
FNDA:1,(anonymous_0)
FNDA:4,(anonymous_1)
DA:13,1
DA:24,1
DA:35,1
DA:46,1
DA:57,1
DA:69,1
DA:75,1
DA:76,1
DA:77,1
DA:78,4
DA:79,4
DA:80,4
DA:81,4
DA:82,0
DA:84,4
DA:85,0
DA:86,0
DA:87,0
DA:88,0
DA:89,0
DA:90,0
DA:91,0
DA:92,0
DA:96,0
DA:97,0
DA:98,0
DA:99,0
DA:100,0
DA:101,0
DA:103,0
DA:104,0
DA:107,0
DA:109,0
DA:110,0
DA:117,1
DA:119,0
LF:36
LH:15
BRDA:81,0,0,0
BRDA:81,0,1,4
BRDA:99,1,0,0
BRDA:99,1,1,0
BRF:4
BRH:1
end_of_record
TN:
SF:src/helpers/BondCalculator.ts
FN:7,(anonymous_0)
FNF:1
FNH:1
FNDA:12,(anonymous_0)
DA:7,1
DA:8,12
DA:9,4
DA:15,8
LF:4
LH:4
BRDA:8,0,0,4
BRDA:8,0,1,8
BRF:2
BRH:2
end_of_record
TN:
SF:src/helpers/Environment.ts
FN:24,(anonymous_0)
FN:28,(anonymous_1)
FN:32,(anonymous_2)
FN:43,(anonymous_3)
FN:55,(anonymous_4)
FN:121,(anonymous_5)
FN:128,(anonymous_6)
FN:140,(anonymous_7)
FN:153,(anonymous_8)
FN:205,(anonymous_9)
FN:214,(anonymous_10)
FN:228,(anonymous_11)
FN:250,(anonymous_12)
FNF:13
FNH:11
FNDA:1,(anonymous_0)
FNDA:1,(anonymous_1)
FNDA:1,(anonymous_2)
FNDA:9,(anonymous_3)
FNDA:1,(anonymous_4)
FNDA:1,(anonymous_5)
FNDA:1,(anonymous_6)
FNDA:0,(anonymous_7)
FNDA:9,(anonymous_8)
FNDA:9,(anonymous_9)
FNDA:1,(anonymous_10)
FNDA:4,(anonymous_11)
FNDA:0,(anonymous_12)
DA:13,1
DA:15,1
DA:16,1
DA:18,1
DA:25,1
DA:29,1
DA:33,1
DA:34,1
DA:35,1
DA:37,0
DA:39,1
DA:40,1
DA:44,9
DA:45,9
DA:47,0
DA:56,1
DA:60,1
DA:62,0
DA:67,0
DA:69,0
DA:71,0
DA:72,0
DA:74,1
DA:78,0
DA:80,1
DA:82,1
DA:83,1
DA:85,0
DA:90,0
DA:92,0
DA:94,0
DA:95,0
DA:97,0
DA:101,0
DA:103,0
DA:105,0
DA:106,0
DA:108,0
DA:113,0
DA:115,0
DA:117,0
DA:118,0
DA:121,1
DA:132,1
DA:133,0
DA:135,1
DA:139,1
DA:140,0
DA:142,1
DA:144,1
DA:154,9
DA:155,9
DA:157,2
DA:161,2
DA:163,2
DA:165,2
DA:169,2
DA:171,2
DA:173,2
DA:177,2
DA:179,2
DA:181,1
DA:185,1
DA:187,1
DA:189,1
DA:193,1
DA:195,1
DA:197,9
DA:206,9
DA:207,9
DA:208,1
DA:209,1
DA:211,9
DA:215,1
DA:216,1
DA:229,4
DA:233,4
DA:235,4
DA:251,0
DA:252,0
DA:254,0
DA:256,0
LF:82
LH:53
BRDA:34,0,0,1
BRDA:34,0,1,0
BRDA:34,1,0,1
BRDA:34,1,1,1
BRDA:44,2,0,9
BRDA:44,2,1,0
BRDA:60,3,0,0
BRDA:60,3,1,1
BRDA:60,3,2,0
BRDA:60,3,3,0
BRDA:60,3,4,0
BRDA:62,4,0,0
BRDA:62,4,1,0
BRDA:63,5,0,0
BRDA:63,5,1,0
BRDA:63,5,2,0
BRDA:74,6,0,0
BRDA:74,6,1,1
BRDA:75,7,0,1
BRDA:75,7,1,0
BRDA:85,8,0,0
BRDA:85,8,1,0
BRDA:86,9,0,0
BRDA:86,9,1,0
BRDA:86,9,2,0
BRDA:97,10,0,0
BRDA:97,10,1,0
BRDA:98,11,0,0
BRDA:98,11,1,0
BRDA:108,12,0,0
BRDA:108,12,1,0
BRDA:109,13,0,0
BRDA:109,13,1,0
BRDA:109,13,2,0
BRDA:132,14,0,0
BRDA:132,14,1,1
BRDA:132,15,0,1
BRDA:132,15,1,0
BRDA:139,16,0,0
BRDA:139,16,1,1
BRDA:155,17,0,2
BRDA:155,17,1,2
BRDA:155,17,2,2
BRDA:155,17,3,1
BRDA:155,17,4,1
BRDA:157,18,0,2
BRDA:157,18,1,0
BRDA:158,19,0,2
BRDA:158,19,1,2
BRDA:165,20,0,2
BRDA:165,20,1,0
BRDA:166,21,0,2
BRDA:166,21,1,2
BRDA:173,22,0,2
BRDA:173,22,1,0
BRDA:174,23,0,2
BRDA:174,23,1,2
BRDA:181,24,0,1
BRDA:181,24,1,0
BRDA:182,25,0,1
BRDA:182,25,1,1
BRDA:189,26,0,1
BRDA:189,26,1,0
BRDA:190,27,0,1
BRDA:190,27,1,1
BRDA:207,28,0,1
BRDA:207,28,1,8
BRDA:233,29,0,0
BRDA:233,29,1,4
BRDA:233,30,0,4
BRDA:233,30,1,0
BRDA:252,31,0,0
BRDA:252,31,1,0
BRDA:254,32,0,0
BRDA:254,32,1,0
BRDA:254,33,0,0
BRDA:254,33,1,0
BRF:77
BRH:34
end_of_record
TN:
SF:src/helpers/GiveRedemptionBalanceHelper.ts
FN:18,(anonymous_0)
FN:55,(anonymous_1)
FN:100,(anonymous_2)
FNF:3
FNH:0
FNDA:0,(anonymous_0)
FNDA:0,(anonymous_1)
FNDA:0,(anonymous_2)
DA:18,1
DA:19,0
DA:20,0
DA:27,0
DA:28,0
DA:29,0
DA:31,0
DA:32,0
DA:33,0
DA:34,0
DA:35,0
DA:36,0
DA:41,0
DA:44,0
DA:47,0
DA:55,1
DA:56,0
DA:57,0
DA:64,0
DA:65,0
DA:70,0
DA:72,0
DA:73,0
DA:74,0
DA:75,0
DA:76,0
DA:77,0
DA:82,0
DA:85,0
DA:88,0
DA:100,1
DA:101,0
DA:103,0
DA:106,0
DA:114,0
DA:116,0
DA:117,0
DA:118,0
DA:119,0
DA:121,0
DA:122,0
DA:126,0
DA:127,0
DA:132,0
DA:134,0
DA:140,0
LF:46
LH:3
BRDA:27,0,0,0
BRDA:27,0,1,0
BRDA:27,1,0,0
BRDA:27,1,1,0
BRDA:64,2,0,0
BRDA:64,2,1,0
BRDA:64,3,0,0
BRDA:64,3,1,0
BRDA:121,4,0,0
BRDA:121,4,1,0
BRDA:127,5,0,0
BRDA:127,5,1,0
BRDA:128,6,0,0
BRDA:128,6,1,0
BRDA:128,6,2,0
BRF:15
BRH:0
end_of_record
TN:
SF:src/helpers/NetworkHelper.ts
FN:10,(anonymous_0)
FN:15,(anonymous_1)
FN:70,(anonymous_2)
FN:99,(anonymous_3)
FN:103,(anonymous_4)
FNF:5
FNH:0
FNDA:0,(anonymous_0)
FNDA:0,(anonymous_1)
FNDA:0,(anonymous_2)
FNDA:0,(anonymous_3)
FNDA:0,(anonymous_4)
DA:10,1
DA:11,0
DA:14,0
DA:15,0
DA:16,0
DA:18,0
DA:19,0
DA:20,0
DA:22,0
DA:23,0
DA:24,0
DA:26,0
DA:27,0
DA:28,0
DA:30,0
DA:31,0
DA:32,0
DA:34,0
DA:35,0
DA:36,0
DA:38,0
DA:39,0
DA:40,0
DA:42,0
DA:43,0
DA:44,0
DA:45,0
DA:48,0
DA:55,0
DA:56,0
DA:70,1
DA:71,0
DA:72,0
DA:76,0
DA:77,0
DA:78,0
DA:88,0
DA:89,0
DA:91,0
DA:99,1
DA:100,0
DA:103,1
DA:104,0
LF:43
LH:4
BRDA:16,0,0,0
BRDA:16,0,1,0
BRDA:16,0,2,0
BRDA:16,0,3,0
BRDA:16,0,4,0
BRDA:16,0,5,0
BRDA:16,0,6,0
BRDA:76,1,0,0
BRDA:76,1,1,0
BRF:9
BRH:0
end_of_record
TN:
SF:src/helpers/NodeHelper.ts
FN:37,(anonymous_0)
FN:47,(anonymous_1)
FN:68,(anonymous_2)
FN:92,(anonymous_3)
FN:111,(anonymous_4)
FN:127,(anonymous_5)
FN:137,(anonymous_6)
FN:144,(anonymous_7)
FN:149,(anonymous_8)
FN:166,(anonymous_9)
FN:182,(anonymous_10)
FN:184,(anonymous_11)
FN:195,(anonymous_12)
FN:216,(anonymous_13)
FN:266,(anonymous_14)
FNF:15
FNH:5
FNDA:0,(anonymous_0)
FNDA:0,(anonymous_1)
FNDA:0,(anonymous_2)
FNDA:0,(anonymous_3)
FNDA:9,(anonymous_4)
FNDA:1,(anonymous_5)
FNDA:4,(anonymous_6)
FNDA:9,(anonymous_7)
FNDA:10,(anonymous_8)
FNDA:0,(anonymous_9)
FNDA:0,(anonymous_10)
FNDA:0,(anonymous_11)
FNDA:0,(anonymous_12)
FNDA:0,(anonymous_13)
FNDA:0,(anonymous_14)
DA:19,1
DA:20,1
DA:25,1
DA:28,1
DA:30,1
DA:31,1
DA:39,0
DA:43,0
DA:48,0
DA:49,0
DA:50,0
DA:55,0
DA:60,0
DA:65,0
DA:71,0
DA:72,0
DA:76,0
DA:77,0
DA:79,0
DA:82,0
DA:83,0
DA:93,0
DA:95,0
DA:96,0
DA:98,0
DA:100,0
DA:102,0
DA:111,1
DA:113,9
DA:117,9
DA:118,9
DA:127,1
DA:128,1
DA:137,1
DA:138,4
DA:144,1
DA:145,9
DA:146,9
DA:149,10
DA:152,9
DA:156,0
DA:158,9
DA:166,1
DA:167,0
DA:168,0
DA:169,0
DA:171,0
DA:173,0
DA:182,1
DA:183,0
DA:185,0
DA:186,0
DA:195,1
DA:198,0
DA:205,0
DA:206,0
DA:213,0
DA:216,1
DA:228,0
DA:229,0
DA:237,0
DA:238,0
DA:241,0
DA:242,0
DA:243,0
DA:245,0
DA:250,0
DA:251,0
DA:253,0
DA:266,1
DA:267,0
DA:269,0
DA:270,0
DA:272,0
DA:274,0
DA:276,0
DA:277,0
DA:279,0
LF:78
LH:25
BRDA:30,0,0,1
BRDA:30,0,1,1
BRDA:39,1,0,0
BRDA:39,1,1,0
BRDA:40,2,0,0
BRDA:40,2,1,0
BRDA:49,3,0,0
BRDA:49,3,1,0
BRDA:50,4,0,0
BRDA:50,4,1,0
BRDA:51,5,0,0
BRDA:51,5,1,0
BRDA:72,6,0,0
BRDA:72,6,1,0
BRDA:82,7,0,0
BRDA:82,7,1,0
BRDA:95,8,0,0
BRDA:95,8,1,0
BRDA:98,9,0,0
BRDA:98,9,1,0
BRDA:98,10,0,0
BRDA:98,10,1,0
BRDA:152,11,0,0
BRDA:152,11,1,9
BRDA:168,12,0,0
BRDA:168,12,1,0
BRDA:205,13,0,0
BRDA:205,13,1,0
BRDA:237,14,0,0
BRDA:237,14,1,0
BRDA:242,15,0,0
BRDA:242,15,1,0
BRDA:267,16,0,0
BRDA:267,16,1,0
BRDA:267,16,2,0
BRDA:269,17,0,0
BRDA:269,17,1,0
BRF:37
BRH:3
end_of_record
TN:
SF:src/helpers/QueryParameterHelper.ts
FN:1,getParameterByName
FNF:1
FNH:0
FNDA:0,getParameterByName
DA:2,0
DA:3,0
LF:2
LH:0
BRF:0
BRH:0
end_of_record
TN:
SF:src/helpers/ZapHelper.ts
FN:45,(anonymous_0)
FN:64,(anonymous_1)
FN:66,(anonymous_2)
FN:67,(anonymous_3)
FN:68,(anonymous_4)
FN:73,(anonymous_5)
FN:91,(anonymous_6)
FN:115,(anonymous_7)
FN:119,(anonymous_8)
FN:128,(anonymous_9)
FNF:10
FNH:0
FNDA:0,(anonymous_0)
FNDA:0,(anonymous_1)
FNDA:0,(anonymous_2)
FNDA:0,(anonymous_3)
FNDA:0,(anonymous_4)
FNDA:0,(anonymous_5)
FNDA:0,(anonymous_6)
FNDA:0,(anonymous_7)
FNDA:0,(anonymous_8)
FNDA:0,(anonymous_9)
DA:42,1
DA:45,1
DA:46,0
DA:47,0
DA:48,0
DA:49,0
DA:52,0
DA:53,0
DA:54,0
DA:56,0
DA:59,0
DA:60,0
DA:64,1
DA:65,0
DA:66,0
DA:67,0
DA:68,0
DA:69,0
DA:70,0
DA:73,1
DA:74,0
DA:75,0
DA:76,0
DA:78,0
DA:79,0
DA:80,0
DA:83,0
DA:84,0
DA:85,0
DA:87,0
DA:91,1
DA:96,0
DA:97,0
DA:98,0
DA:99,0
DA:102,0
DA:103,0
DA:104,0
DA:106,0
DA:115,1
DA:116,0
DA:121,0
DA:122,0
DA:123,0
DA:125,0
DA:128,1
DA:136,0
DA:137,0
DA:138,0
DA:139,0
DA:144,0
DA:145,0
DA:146,0
DA:148,0
LF:54
LH:7
BRDA:53,0,0,0
BRDA:53,0,1,0
BRDA:68,1,0,0
BRDA:68,1,1,0
BRDA:69,2,0,0
BRDA:69,2,1,0
BRDA:75,3,0,0
BRDA:75,3,1,0
BRDA:84,4,0,0
BRDA:84,4,1,0
BRDA:103,5,0,0
BRDA:103,5,1,0
BRDA:122,6,0,0
BRDA:122,6,1,0
BRDA:145,7,0,0
BRDA:145,7,1,0
BRF:16
BRH:0
end_of_record
TN:
SF:src/helpers/helpers.js
FN:3,round
FNF:1
FNH:0
FNDA:0,round
DA:1,0
DA:4,0
DA:5,0
LF:3
LH:0
BRF:0
BRH:0
end_of_record
TN:
SF:src/helpers/index.tsx
FN:24,getMarketPrice
FN:36,getMarketPriceFromWeth
FN:51,getV1MarketPrice
FN:66,getTokenPrice
FN:86,getTokenByContract
FN:103,getTokenIdByContract
FN:115,shorten
FN:120,shortenString
FN:124,formatCurrency
FN:134,trim
FN:146,getRebaseBlock
FN:150,secondsUntilBlock
FN:157,prettyVestingPeriod
FN:169,prettifySeconds
FN:194,getSohmTokenImage
FN:198,getOhmTokenImage
FN:204,getTokenImage
FN:211,setAll
FN:214,(anonymous_18)
FN:220,contractForRedeemHelper
FN:238,(anonymous_20)
FN:253,(anonymous_21)
FN:267,(anonymous_22)
FN:303,(anonymous_23)
FN:307,(anonymous_24)
FN:311,(anonymous_25)
FN:319,(anonymous_26)
FNF:27
FNH:5
FNDA:0,getMarketPrice
FNDA:0,getMarketPriceFromWeth
FNDA:0,getV1MarketPrice
FNDA:0,getTokenPrice
FNDA:0,getTokenByContract
FNDA:0,getTokenIdByContract
FNDA:0,shorten
FNDA:0,shortenString
FNDA:0,formatCurrency
FNDA:12,trim
FNDA:0,getRebaseBlock
FNDA:0,secondsUntilBlock
FNDA:0,prettyVestingPeriod
FNDA:0,prettifySeconds
FNDA:3,getSohmTokenImage
FNDA:1,getOhmTokenImage
FNDA:3,getTokenImage
FNDA:0,setAll
FNDA:0,(anonymous_18)
FNDA:0,contractForRedeemHelper
FNDA:1,(anonymous_20)
FNDA:0,(anonymous_21)
FNDA:0,(anonymous_22)
FNDA:0,(anonymous_23)
FNDA:0,(anonymous_24)
FNDA:0,(anonymous_25)
FNDA:0,(anonymous_26)
DA:25,0
DA:27,0
DA:28,0
DA:29,0
DA:31,0
DA:33,0
DA:37,0
DA:39,0
DA:40,0
DA:41,0
DA:42,0
DA:45,0
DA:46,0
DA:47,0
DA:48,0
DA:52,0
DA:54,0
DA:55,0
DA:56,0
DA:57,0
DA:58,0
DA:67,0
DA:68,0
DA:73,0
DA:74,0
DA:77,0
DA:87,0
DA:88,0
DA:89,0
DA:90,0
DA:95,0
DA:96,0
DA:99,0
DA:104,0
DA:105,0
DA:108,0
DA:111,0
DA:116,0
DA:117,0
DA:121,0
DA:125,0
DA:126,0
DA:136,12
DA:137,12
DA:138,12
DA:140,12
DA:141,12
DA:142,12
DA:143,12
DA:147,0
DA:151,0
DA:152,0
DA:154,0
DA:158,0
DA:159,0
DA:162,0
DA:163,0
DA:164,0
DA:166,0
DA:170,0
DA:171,0
DA:174,0
DA:175,0
DA:176,0
DA:178,0
DA:179,0
DA:182,0
DA:183,0
DA:184,0
DA:186,0
DA:187,0
DA:188,0
DA:191,0
DA:195,3
DA:199,1
DA:200,1
DA:201,1
DA:205,3
DA:206,3
DA:212,0
DA:213,0
DA:214,0
DA:215,0
DA:227,0
DA:238,1
DA:239,1
DA:240,1
DA:242,1
DA:243,1
DA:244,1
DA:246,0
DA:253,1
DA:254,0
DA:255,0
DA:267,1
DA:268,0
DA:269,0
DA:271,0
DA:273,0
DA:274,0
DA:275,0
DA:276,0
DA:279,0
DA:280,0
DA:281,0
DA:282,0
DA:285,0
DA:286,0
DA:287,0
DA:288,0
DA:291,0
DA:292,0
DA:293,0
DA:295,0
DA:303,1
DA:304,0
DA:307,1
DA:308,0
DA:311,1
DA:312,0
DA:319,1
DA:320,0
DA:321,0
DA:322,0
LF:124
LH:25
BRDA:28,0,0,0
BRDA:28,0,1,0
BRDA:41,1,0,0
BRDA:41,1,1,0
BRDA:55,2,0,0
BRDA:55,2,1,0
BRDA:66,3,0,0
BRDA:116,4,0,0
BRDA:116,4,1,0
BRDA:121,5,0,0
BRDA:121,5,1,0
BRDA:124,6,0,0
BRDA:124,7,0,0
BRDA:125,8,0,0
BRDA:125,8,1,0
BRDA:134,9,0,0
BRDA:134,10,0,0
BRDA:137,11,0,0
BRDA:137,11,1,12
BRDA:138,12,0,0
BRDA:138,12,1,12
BRDA:140,13,0,12
BRDA:140,13,1,0
BRDA:158,14,0,0
BRDA:158,14,1,0
BRDA:163,15,0,0
BRDA:163,15,1,0
BRDA:170,16,0,0
BRDA:170,16,1,0
BRDA:170,17,0,0
BRDA:170,17,1,0
BRDA:178,18,0,0
BRDA:178,18,1,0
BRDA:179,19,0,0
BRDA:179,19,1,0
BRDA:182,20,0,0
BRDA:182,20,1,0
BRDA:182,21,0,0
BRDA:182,21,1,0
BRDA:183,22,0,0
BRDA:183,22,1,0
BRDA:183,23,0,0
BRDA:183,23,1,0
BRDA:184,24,0,0
BRDA:184,24,1,0
BRDA:184,25,0,0
BRDA:184,25,1,0
BRDA:187,26,0,0
BRDA:187,26,1,0
BRDA:199,27,0,0
BRDA:199,27,1,1
BRDA:200,28,0,0
BRDA:200,28,1,1
BRDA:205,29,0,0
BRDA:205,29,1,3
BRDA:206,30,0,3
BRDA:206,30,1,0
BRDA:212,31,0,0
BRDA:212,31,1,0
BRDA:242,32,0,1
BRDA:242,32,1,0
BRDA:274,33,0,0
BRDA:274,33,1,0
BRDA:280,34,0,0
BRDA:280,34,1,0
BRDA:280,35,0,0
BRDA:280,35,1,0
BRDA:286,36,0,0
BRDA:286,36,1,0
BRDA:286,37,0,0
BRDA:286,37,1,0
BRDA:292,38,0,0
BRDA:292,38,1,0
BRDA:292,39,0,0
BRDA:292,39,1,0
BRDA:312,40,0,0
BRDA:312,40,1,0
BRF:77
BRH:8
end_of_record
TN:
SF:src/helpers/userAnalyticHelpers.js
FN:4,segmentUA
FNF:1
FNH:0
FNDA:0,segmentUA
DA:5,0
DA:9,0
DA:10,0
DA:12,0
LF:4
LH:0
BRF:0
BRH:0
end_of_record
TN:
SF:src/hooks/Bonds.ts
FN:27,useBonds
FN:28,(anonymous_1)
FN:29,(anonymous_2)
FN:30,(anonymous_3)
FN:34,(anonymous_4)
FN:37,(anonymous_5)
FN:43,(anonymous_6)
FN:51,(anonymous_7)
FN:62,(anonymous_8)
FN:68,(anonymous_9)
FNF:10
FNH:10
FNDA:8,useBonds
FNDA:16,(anonymous_1)
FNDA:16,(anonymous_2)
FNDA:38,(anonymous_3)
FNDA:4,(anonymous_4)
FNDA:48,(anonymous_5)
FNDA:48,(anonymous_6)
FNDA:108,(anonymous_7)
FNDA:8,(anonymous_8)
FNDA:8,(anonymous_9)
DA:24,1
DA:25,1
DA:28,16
DA:29,16
DA:30,38
DA:31,8
DA:32,8
DA:34,8
DA:36,4
DA:38,48
DA:39,0
DA:41,48
DA:44,48
DA:45,0
DA:47,48
DA:51,4
DA:52,108
DA:53,16
DA:54,4
DA:56,4
DA:61,4
DA:63,8
DA:64,0
DA:66,8
DA:69,8
DA:70,0
DA:72,8
DA:74,4
DA:79,8
LF:29
LH:25
BRDA:38,0,0,0
BRDA:38,0,1,48
BRDA:38,1,0,48
BRDA:38,1,1,0
BRDA:44,2,0,0
BRDA:44,2,1,48
BRDA:52,3,0,92
BRDA:52,3,1,16
BRDA:53,4,0,12
BRDA:53,4,1,4
BRDA:54,5,0,0
BRDA:54,5,1,4
BRDA:54,6,0,0
BRDA:54,6,1,4
BRDA:63,7,0,0
BRDA:63,7,1,8
BRDA:63,8,0,8
BRDA:63,8,1,0
BRDA:69,9,0,0
BRDA:69,9,1,8
BRF:20
BRH:12
end_of_record
TN:
SF:src/hooks/Debounce.ts
FN:3,useDebounce
FN:6,(anonymous_1)
FN:7,(anonymous_2)
FN:11,(anonymous_3)
FNF:4
FNH:0
FNDA:0,useDebounce
FNDA:0,(anonymous_1)
FNDA:0,(anonymous_2)
FNDA:0,(anonymous_3)
DA:4,0
DA:6,0
DA:7,0
DA:8,0
DA:11,0
DA:12,0
DA:16,0
LF:7
LH:0
BRF:0
BRH:0
end_of_record
TN:
SF:src/hooks/index.ts
FN:8,(anonymous_0)
FNF:1
FNH:0
FNDA:0,(anonymous_0)
DA:8,1
DA:9,1
LF:2
LH:2
BRF:0
BRH:0
end_of_record
TN:
SF:src/hooks/useENS.ts
FN:6,(anonymous_0)
FN:12,(anonymous_1)
FN:13,(anonymous_2)
FNF:3
FNH:3
FNDA:4,(anonymous_0)
FNDA:1,(anonymous_1)
FNDA:1,(anonymous_2)
DA:6,1
DA:7,4
DA:8,4
DA:9,4
DA:10,4
DA:12,4
DA:13,1
DA:14,1
DA:15,0
DA:16,0
DA:17,0
DA:18,0
DA:19,0
DA:21,0
DA:25,1
DA:28,4
LF:16
LH:10
BRDA:10,0,0,4
BRDA:10,0,1,0
BRDA:14,1,0,0
BRDA:14,1,1,1
BRDA:14,2,0,1
BRDA:14,2,1,0
BRDA:14,2,2,0
BRDA:17,3,0,0
BRDA:17,3,1,0
BRF:9
BRH:3
end_of_record
TN:
SF:src/hooks/useEscape.ts
FN:3,(anonymous_0)
FN:4,(anonymous_1)
FN:5,(anonymous_2)
FN:10,(anonymous_3)
FNF:4
FNH:0
FNDA:0,(anonymous_0)
FNDA:0,(anonymous_1)
FNDA:0,(anonymous_2)
FNDA:0,(anonymous_3)
DA:3,1
DA:4,0
DA:5,0
DA:6,0
DA:8,0
DA:10,0
DA:11,0
LF:7
LH:1
BRDA:6,0,0,0
BRDA:6,0,1,0
BRF:2
BRH:0
end_of_record
TN:
SF:src/hooks/useGoogleAnalytics.ts
FN:8,(anonymous_0)
FN:11,(anonymous_1)
FNF:2
FNH:2
FNDA:4,(anonymous_0)
FNDA:4,(anonymous_1)
DA:6,1
DA:8,1
DA:9,4
DA:11,4
DA:12,4
DA:13,0
DA:16,0
DA:17,0
LF:8
LH:5
BRDA:12,0,0,0
BRDA:12,0,1,4
BRDA:12,1,0,4
BRDA:12,1,1,0
BRF:4
BRH:2
end_of_record
TN:
SF:src/hooks/usePathForNetwork.ts
FN:8,usePathForNetwork
FN:17,(anonymous_1)
FN:62,(anonymous_2)
FNF:3
FNH:3
FNDA:3,usePathForNetwork
FNDA:1,(anonymous_1)
FNDA:1,(anonymous_2)
DA:17,3
DA:21,1
DA:23,1
DA:24,1
DA:26,0
DA:27,0
DA:30,0
DA:31,0
DA:33,0
DA:34,0
DA:37,0
DA:38,0
DA:40,0
DA:41,0
DA:44,0
DA:45,0
DA:47,0
DA:48,0
DA:51,0
DA:52,0
DA:54,0
DA:55,0
DA:58,0
DA:62,3
DA:63,1
LF:25
LH:6
BRDA:21,0,0,1
BRDA:21,0,1,0
BRDA:21,0,2,0
BRDA:21,0,3,0
BRDA:21,0,4,0
BRDA:21,0,5,0
BRDA:23,1,0,1
BRDA:23,1,1,0
BRDA:23,2,0,1
BRDA:23,2,1,1
BRDA:30,3,0,0
BRDA:30,3,1,0
BRDA:30,4,0,0
BRDA:30,4,1,0
BRDA:37,5,0,0
BRDA:37,5,1,0
BRDA:37,6,0,0
BRDA:37,6,1,0
BRDA:44,7,0,0
BRDA:44,7,1,0
BRDA:44,8,0,0
BRDA:44,8,1,0
BRDA:51,9,0,0
BRDA:51,9,1,0
BRDA:51,10,0,0
BRDA:51,10,1,0
BRF:26
BRH:4
end_of_record
TN:
SF:src/hooks/useSegmentAnalytics.js
FN:10,useSegmentAnalytics
FN:17,(anonymous_1)
FN:33,(anonymous_2)
FN:43,(anonymous_3)
FN:53,initSegmentAnalytics
FN:81,(anonymous_5)
FN:82,(anonymous_6)
FN:93,(anonymous_7)
FNF:8
FNH:4
FNDA:5,useSegmentAnalytics
FNDA:1,(anonymous_1)
FNDA:4,(anonymous_2)
FNDA:1,(anonymous_3)
FNDA:0,initSegmentAnalytics
FNDA:0,(anonymous_5)
FNDA:0,(anonymous_6)
FNDA:0,(anonymous_7)
DA:8,1
DA:11,5
DA:12,4
DA:13,4
DA:14,4
DA:15,4
DA:17,4
DA:18,1
DA:19,0
DA:20,0
DA:21,0
DA:22,0
DA:23,0
DA:28,0
DA:29,0
DA:33,4
DA:34,4
DA:35,0
DA:36,0
DA:37,0
DA:38,0
DA:43,4
DA:44,1
DA:45,0
DA:54,0
DA:55,0
DA:56,0
DA:58,0
DA:59,0
DA:81,0
DA:82,0
DA:83,0
DA:84,0
DA:85,0
DA:86,0
DA:89,0
DA:90,0
DA:91,0
DA:93,0
DA:94,0
DA:95,0
DA:96,0
DA:97,0
DA:98,0
DA:99,0
DA:100,0
DA:102,0
DA:103,0
DA:104,0
DA:106,0
LF:50
LH:12
BRDA:13,0,0,4
BRDA:13,0,1,1
BRDA:18,1,0,0
BRDA:18,1,1,1
BRDA:18,2,0,1
BRDA:18,2,1,0
BRDA:34,3,0,0
BRDA:34,3,1,4
BRDA:36,4,0,0
BRDA:36,4,1,0
BRDA:44,5,0,0
BRDA:44,5,1,1
BRDA:44,6,0,1
BRDA:44,6,1,0
BRDA:54,7,0,0
BRDA:54,7,1,0
BRDA:55,8,0,0
BRDA:55,8,1,0
BRDA:56,9,0,0
BRDA:56,9,1,0
BRDA:56,10,0,0
BRDA:56,10,1,0
BRDA:56,10,2,0
BRF:23
BRH:7
end_of_record
TN:
SF:src/hooks/useTheme.ts
FN:3,(anonymous_0)
FN:7,(anonymous_1)
FN:12,(anonymous_2)
FN:24,(anonymous_3)
FNF:4
FNH:3
FNDA:4,(anonymous_0)
FNDA:1,(anonymous_1)
FNDA:0,(anonymous_2)
FNDA:1,(anonymous_3)
DA:3,1
DA:4,4
DA:5,4
DA:7,4
DA:8,1
DA:9,1
DA:12,4
DA:13,0
DA:14,0
DA:16,0
DA:17,0
DA:19,0
DA:24,4
DA:25,1
DA:26,1
DA:31,1
DA:34,4
LF:17
LH:12
BRDA:13,0,0,0
BRDA:13,0,1,0
BRDA:16,1,0,0
BRDA:16,1,1,0
BRDA:26,2,0,0
BRDA:26,2,1,1
BRDA:26,3,0,1
BRDA:26,3,1,0
BRDA:26,3,2,0
BRDA:28,4,0,0
BRDA:28,4,1,1
BRF:11
BRH:3
end_of_record
TN:
SF:src/hooks/web3Context.tsx
FN:13,isIframe
FN:40,(anonymous_1)
FN:48,(anonymous_2)
FN:53,(anonymous_3)
FN:78,(anonymous_4)
FN:90,(anonymous_5)
FN:100,(anonymous_6)
FN:104,(anonymous_7)
FN:105,(anonymous_8)
FN:108,(anonymous_9)
FN:113,(anonymous_10)
FN:123,(anonymous_11)
FN:155,(anonymous_12)
FN:159,(anonymous_13)
FN:165,(anonymous_14)
FNF:15
FNH:5
FNDA:0,isIframe
FNDA:49,(anonymous_1)
FNDA:14,(anonymous_2)
FNDA:0,(anonymous_3)
FNDA:1,(anonymous_4)
FNDA:2,(anonymous_5)
FNDA:0,(anonymous_6)
FNDA:0,(anonymous_7)
FNDA:0,(anonymous_8)
FNDA:0,(anonymous_9)
FNDA:0,(anonymous_10)
FNDA:0,(anonymous_11)
FNDA:0,(anonymous_12)
FNDA:0,(anonymous_13)
FNDA:1,(anonymous_14)
DA:14,0
DA:38,1
DA:40,1
DA:41,49
DA:42,49
DA:43,0
DA:47,49
DA:48,49
DA:49,14
DA:53,1
DA:54,0
DA:55,0
DA:58,1
DA:78,1
DA:79,1
DA:80,1
DA:82,1
DA:83,1
DA:84,1
DA:85,1
DA:86,1
DA:88,1
DA:90,1
DA:91,2
DA:92,2
DA:93,0
DA:99,1
DA:101,0
DA:102,0
DA:104,0
DA:105,0
DA:108,0
DA:109,0
DA:110,0
DA:111,0
DA:113,0
DA:115,0
DA:123,1
DA:126,0
DA:127,0
DA:129,0
DA:134,0
DA:136,0
DA:137,0
DA:138,0
DA:142,0
DA:143,0
DA:144,0
DA:145,0
DA:146,0
DA:147,0
DA:148,0
DA:150,0
DA:152,0
DA:155,1
DA:156,0
DA:157,0
DA:159,0
DA:160,0
DA:164,1
DA:165,1
DA:193,1
LF:62
LH:27
BRDA:42,0,0,0
BRDA:42,0,1,49
BRDA:91,1,0,0
BRDA:91,1,1,2
BRDA:92,2,0,2
BRDA:92,2,1,0
BRDA:101,3,0,0
BRDA:101,3,1,0
BRDA:111,4,0,0
BRDA:111,4,1,0
BRDA:126,5,0,0
BRDA:126,5,1,0
BRF:12
BRH:3
end_of_record
TN:
SF:src/hooks/33-together/useTimeLeftBeforePrize.js
FN:7,(anonymous_0)
FN:12,(anonymous_1)
FN:18,(anonymous_2)
FNF:3
FNH:0
FNDA:0,(anonymous_0)
FNDA:0,(anonymous_1)
FNDA:0,(anonymous_2)
DA:7,0
DA:8,0
DA:9,0
DA:10,0
DA:12,0
DA:13,0
DA:14,0
DA:18,0
DA:19,0
DA:20,0
DA:21,0
DA:25,0
DA:26,0
DA:28,0
DA:29,0
DA:30,0
LF:16
LH:0
BRDA:13,0,0,0
BRDA:13,0,1,0
BRDA:20,1,0,0
BRDA:20,1,1,0
BRDA:29,2,0,0
BRDA:29,2,1,0
BRDA:29,2,2,0
BRDA:29,2,3,0
BRF:8
BRH:0
end_of_record
TN:
SF:src/lib/Bond.ts
FN:66,(anonymous_0)
FN:88,(anonymous_1)
FN:91,(anonymous_2)
FN:95,(anonymous_3)
FN:99,(anonymous_4)
FN:103,(anonymous_5)
FN:108,(anonymous_6)
FN:111,(anonymous_7)
FN:117,(anonymous_8)
FN:142,(anonymous_9)
FN:149,(anonymous_10)
FN:171,(anonymous_11)
FN:178,(anonymous_12)
FN:206,(anonymous_13)
FN:213,(anonymous_14)
FNF:15
FNH:8
FNDA:14,(anonymous_0)
FNDA:172,(anonymous_1)
FNDA:0,(anonymous_2)
FNDA:40,(anonymous_3)
FNDA:12,(anonymous_4)
FNDA:12,(anonymous_5)
FNDA:0,(anonymous_6)
FNDA:0,(anonymous_7)
FNDA:0,(anonymous_8)
FNDA:5,(anonymous_9)
FNDA:0,(anonymous_10)
FNDA:4,(anonymous_11)
FNDA:0,(anonymous_12)
FNDA:0,(anonymous_13)
FNDA:5,(anonymous_14)
DA:67,14
DA:68,14
DA:69,14
DA:71,14
DA:72,14
DA:73,14
DA:74,14
DA:75,14
DA:76,14
DA:77,14
DA:78,14
DA:79,14
DA:80,14
DA:89,172
DA:92,0
DA:96,40
DA:100,12
DA:104,12
DA:105,12
DA:109,0
DA:112,0
DA:113,0
DA:119,0
DA:120,0
DA:121,0
DA:122,0
DA:124,0
DA:126,0
DA:137,5
DA:143,5
DA:145,5
DA:146,5
DA:147,5
DA:150,0
DA:151,0
DA:152,0
DA:153,0
DA:154,0
DA:155,0
DA:156,0
DA:157,0
DA:158,0
DA:159,0
DA:167,4
DA:172,4
DA:174,4
DA:175,4
DA:179,0
DA:180,0
DA:181,0
DA:182,0
DA:183,0
DA:185,0
DA:186,0
DA:188,0
DA:189,0
DA:207,0
DA:214,5
DA:216,5
DA:217,2
DA:219,3
DA:221,5
DA:223,5
DA:224,5
DA:225,5
LF:65
LH:35
BRDA:104,0,0,12
BRDA:104,0,1,0
BRDA:112,1,0,0
BRDA:112,1,1,0
BRDA:119,2,0,0
BRDA:119,2,1,0
BRDA:156,3,0,0
BRDA:156,3,1,0
BRDA:157,4,0,0
BRDA:157,4,1,0
BRDA:216,5,0,2
BRDA:216,5,1,3
BRF:12
BRH:3
end_of_record
TN:
SF:src/lib/ExternalPool.ts
FN:17,(anonymous_0)
FNF:1
FNH:1
FNDA:5,(anonymous_0)
DA:18,5
DA:19,5
DA:20,5
DA:22,5
DA:23,5
DA:24,5
DA:25,5
DA:26,5
LF:8
LH:8
BRF:0
BRH:0
end_of_record
TN:
SF:src/lib/apolloClient.ts
FN:4,(anonymous_0)
FN:10,(anonymous_1)
FN:21,(anonymous_2)
FN:27,(anonymous_3)
FNF:4
FNH:2
FNDA:1,(anonymous_0)
FNDA:1,(anonymous_1)
FNDA:0,(anonymous_2)
FNDA:0,(anonymous_3)
DA:4,1
DA:5,1
DA:10,1
DA:11,1
DA:12,1
DA:15,1
DA:17,0
DA:21,1
DA:22,0
DA:27,1
DA:28,0
DA:29,0
DA:32,0
DA:34,0
LF:14
LH:8
BRF:0
BRH:0
end_of_record
TN:
SF:src/lib/fetchBalances.ts
FN:22,(anonymous_0)
FN:25,(anonymous_1)
FN:27,(anonymous_2)
FN:30,(anonymous_3)
FN:56,(anonymous_4)
FN:58,(anonymous_5)
FN:64,(anonymous_6)
FN:66,(anonymous_7)
FN:74,(anonymous_8)
FN:76,(anonymous_9)
FN:78,(anonymous_10)
FN:78,(anonymous_11)
FNF:12
FNH:0
FNDA:0,(anonymous_0)
FNDA:0,(anonymous_1)
FNDA:0,(anonymous_2)
FNDA:0,(anonymous_3)
FNDA:0,(anonymous_4)
FNDA:0,(anonymous_5)
FNDA:0,(anonymous_6)
FNDA:0,(anonymous_7)
FNDA:0,(anonymous_8)
FNDA:0,(anonymous_9)
FNDA:0,(anonymous_10)
FNDA:0,(anonymous_11)
DA:19,1
DA:20,1
DA:22,1
DA:23,0
DA:25,0
DA:27,1
DA:28,0
DA:29,0
DA:30,0
DA:31,0
DA:32,0
DA:33,0
DA:47,1
DA:56,1
DA:57,0
DA:58,0
DA:60,0
DA:64,1
DA:65,0
DA:66,0
DA:74,1
DA:75,0
DA:76,0
DA:78,0
DA:80,0
LF:25
LH:8
BRDA:22,0,0,0
BRDA:29,1,0,0
BRDA:29,1,1,0
BRDA:57,2,0,0
BRDA:57,2,1,0
BRF:5
BRH:0
end_of_record
TN:
SF:src/locales/index.ts
FN:33,fetchLocale
FN:41,selectLocale
FN:45,initLocale
FNF:3
FNH:0
FNDA:0,fetchLocale
FNDA:0,selectLocale
FNDA:0,initLocale
DA:13,0
DA:24,0
DA:25,0
DA:26,0
DA:29,0
DA:30,0
DA:34,0
DA:37,0
DA:38,0
DA:39,0
DA:42,0
DA:43,0
DA:46,0
DA:47,0
DA:48,0
LF:15
LH:0
BRDA:33,0,0,0
BRDA:47,1,0,0
BRDA:47,1,1,0
BRF:3
BRH:0
end_of_record
TN:
SF:src/locales/translations/olympus-frontend/ar/messages.js
FNF:0
FNH:0
DA:1,0
LF:1
LH:0
BRF:0
BRH:0
end_of_record
TN:
SF:src/locales/translations/olympus-frontend/de/messages.js
FNF:0
FNH:0
DA:1,0
LF:1
LH:0
BRF:0
BRH:0
end_of_record
TN:
SF:src/locales/translations/olympus-frontend/en/messages.js
FNF:0
FNH:0
DA:1,0
LF:1
LH:0
BRF:0
BRH:0
end_of_record
TN:
SF:src/locales/translations/olympus-frontend/es/messages.js
FNF:0
FNH:0
DA:1,0
LF:1
LH:0
BRF:0
BRH:0
end_of_record
TN:
SF:src/locales/translations/olympus-frontend/fr/messages.js
FNF:0
FNH:0
DA:1,0
LF:1
LH:0
BRF:0
BRH:0
end_of_record
TN:
SF:src/locales/translations/olympus-frontend/ko/messages.js
FNF:0
FNH:0
DA:1,0
LF:1
LH:0
BRF:0
BRH:0
end_of_record
TN:
SF:src/locales/translations/olympus-frontend/pl/messages.js
FNF:0
FNH:0
DA:1,0
LF:1
LH:0
BRF:0
BRH:0
end_of_record
TN:
SF:src/locales/translations/olympus-frontend/pt/messages.js
FNF:0
FNH:0
DA:1,0
LF:1
LH:0
BRF:0
BRH:0
end_of_record
TN:
SF:src/locales/translations/olympus-frontend/ru/messages.js
FNF:0
FNH:0
DA:1,0
LF:1
LH:0
BRF:0
BRH:0
end_of_record
TN:
SF:src/locales/translations/olympus-frontend/tr/messages.js
FNF:0
FNH:0
DA:1,0
LF:1
LH:0
BRF:0
BRH:0
end_of_record
TN:
SF:src/locales/translations/olympus-frontend/vi/messages.js
FNF:0
FNH:0
DA:1,0
LF:1
LH:0
BRF:0
BRH:0
end_of_record
TN:
SF:src/locales/translations/olympus-frontend/zh/messages.js
FNF:0
FNH:0
DA:1,0
LF:1
LH:0
BRF:0
BRH:0
end_of_record
TN:
SF:src/slices/AccountSlice.ts
FN:80,(anonymous_0)
FN:273,(anonymous_1)
FN:323,(anonymous_2)
FN:367,(anonymous_3)
FN:375,(anonymous_4)
FN:396,(anonymous_5)
FN:452,(anonymous_6)
FN:529,(anonymous_7)
FN:686,(anonymous_8)
FN:690,(anonymous_9)
FN:692,(anonymous_10)
FN:695,(anonymous_11)
FN:699,(anonymous_12)
FN:703,(anonymous_13)
FN:706,(anonymous_14)
FN:710,(anonymous_15)
FN:714,(anonymous_16)
FN:717,(anonymous_17)
FN:721,(anonymous_18)
FN:725,(anonymous_19)
FN:728,(anonymous_20)
FN:732,(anonymous_21)
FN:736,(anonymous_22)
FN:739,(anonymous_23)
FN:743,(anonymous_24)
FN:747,(anonymous_25)
FN:750,(anonymous_26)
FN:754,(anonymous_27)
FN:758,(anonymous_28)
FN:761,(anonymous_29)
FN:767,(anonymous_30)
FN:771,(anonymous_31)
FN:774,(anonymous_32)
FN:784,(anonymous_33)
FN:786,(anonymous_34)
FNF:35
FNH:1
FNDA:0,(anonymous_0)
FNDA:0,(anonymous_1)
FNDA:0,(anonymous_2)
FNDA:0,(anonymous_3)
FNDA:0,(anonymous_4)
FNDA:0,(anonymous_5)
FNDA:0,(anonymous_6)
FNDA:0,(anonymous_7)
FNDA:0,(anonymous_8)
FNDA:1,(anonymous_9)
FNDA:0,(anonymous_10)
FNDA:0,(anonymous_11)
FNDA:0,(anonymous_12)
FNDA:0,(anonymous_13)
FNDA:0,(anonymous_14)
FNDA:0,(anonymous_15)
FNDA:0,(anonymous_16)
FNDA:0,(anonymous_17)
FNDA:0,(anonymous_18)
FNDA:0,(anonymous_19)
FNDA:0,(anonymous_20)
FNDA:0,(anonymous_21)
FNDA:0,(anonymous_22)
FNDA:0,(anonymous_23)
FNDA:0,(anonymous_24)
FNDA:0,(anonymous_25)
FNDA:0,(anonymous_26)
FNDA:0,(anonymous_27)
FNDA:0,(anonymous_28)
FNDA:0,(anonymous_29)
FNDA:0,(anonymous_30)
FNDA:0,(anonymous_31)
FNDA:0,(anonymous_32)
FNDA:0,(anonymous_33)
FNDA:0,(anonymous_34)
DA:78,1
DA:81,0
DA:82,0
DA:83,0
DA:84,0
DA:85,0
DA:86,0
DA:87,0
DA:88,0
DA:89,0
DA:90,0
DA:91,0
DA:92,0
DA:93,0
DA:94,0
DA:95,0
DA:96,0
DA:97,0
DA:98,0
DA:99,0
DA:100,0
DA:101,0
DA:103,0
DA:104,0
DA:105,0
DA:106,0
DA:108,0
DA:110,0
DA:111,0
DA:112,0
DA:113,0
DA:114,0
DA:116,0
DA:118,0
DA:119,0
DA:120,0
DA:121,0
DA:122,0
DA:124,0
DA:126,0
DA:127,0
DA:128,0
DA:129,0
DA:130,0
DA:132,0
DA:134,0
DA:135,0
DA:136,0
DA:137,0
DA:138,0
DA:140,0
DA:142,0
DA:143,0
DA:144,0
DA:146,0
DA:148,0
DA:149,0
DA:154,0
DA:156,0
DA:158,0
DA:159,0
DA:164,0
DA:166,0
DA:168,0
DA:169,0
DA:170,0
DA:172,0
DA:174,0
DA:175,0
DA:176,0
DA:178,0
DA:181,0
DA:182,0
DA:187,0
DA:189,0
DA:191,0
DA:192,0
DA:193,0
DA:194,0
DA:199,0
DA:200,0
DA:201,0
DA:202,0
DA:203,0
DA:206,0
DA:207,0
DA:208,0
DA:211,0
DA:213,0
DA:214,0
DA:215,0
DA:220,0
DA:223,0
DA:229,0
DA:230,0
DA:235,0
DA:237,0
DA:240,0
DA:271,1
DA:274,0
DA:275,0
DA:277,0
DA:278,0
DA:279,0
DA:280,0
DA:286,0
DA:288,0
DA:289,0
DA:290,0
DA:293,0
DA:296,0
DA:299,0
DA:302,0
DA:305,0
DA:321,1
DA:324,0
DA:325,0
DA:327,0
DA:328,0
DA:329,0
DA:330,0
DA:336,0
DA:338,0
DA:339,0
DA:340,0
DA:342,0
DA:346,0
DA:349,0
DA:352,0
DA:355,0
DA:365,1
DA:368,0
DA:369,0
DA:373,1
DA:376,0
DA:377,0
DA:394,1
DA:397,0
DA:398,0
DA:399,0
DA:400,0
DA:402,0
DA:403,0
DA:404,0
DA:405,0
DA:407,0
DA:411,0
DA:412,0
DA:413,0
DA:414,0
DA:416,0
DA:420,0
DA:421,0
DA:422,0
DA:423,0
DA:425,0
DA:429,0
DA:430,0
DA:431,0
DA:432,0
DA:434,0
DA:438,0
DA:450,1
DA:453,0
DA:454,0
DA:455,0
DA:456,0
DA:457,0
DA:458,0
DA:459,0
DA:460,0
DA:461,0
DA:463,0
DA:464,0
DA:465,0
DA:467,0
DA:468,0
DA:470,0
DA:475,0
DA:477,0
DA:478,0
DA:479,0
DA:480,0
DA:482,0
DA:483,0
DA:485,0
DA:486,0
DA:488,0
DA:490,0
DA:491,0
DA:492,0
DA:493,0
DA:494,0
DA:495,0
DA:497,0
DA:500,0
DA:527,1
DA:530,0
DA:531,0
DA:546,0
DA:547,0
DA:551,0
DA:552,0
DA:553,0
DA:554,0
DA:557,0
DA:558,0
DA:559,0
DA:561,0
DA:563,0
DA:627,1
DA:682,1
DA:687,0
DA:691,1
DA:693,0
DA:696,0
DA:697,0
DA:700,0
DA:701,0
DA:704,0
DA:707,0
DA:708,0
DA:711,0
DA:712,0
DA:715,0
DA:718,0
DA:719,0
DA:722,0
DA:723,0
DA:726,0
DA:729,0
DA:730,0
DA:733,0
DA:734,0
DA:737,0
DA:740,0
DA:741,0
DA:744,0
DA:745,0
DA:748,0
DA:751,0
DA:752,0
DA:755,0
DA:756,0
DA:759,0
DA:762,0
DA:763,0
DA:764,0
DA:765,0
DA:768,0
DA:769,0
DA:772,0
DA:775,0
DA:782,1
DA:784,1
DA:786,1
LF:256
LH:14
BRDA:193,0,0,0
BRDA:193,0,1,0
BRDA:201,1,0,0
BRDA:201,1,1,0
BRDA:207,2,0,0
BRDA:207,2,1,0
BRDA:214,3,0,0
BRDA:214,3,1,0
BRDA:229,4,0,0
BRDA:229,4,1,0
BRDA:229,5,0,0
BRDA:229,5,1,0
BRDA:277,6,0,0
BRDA:277,6,1,0
BRDA:277,7,0,0
BRDA:277,7,1,0
BRDA:290,8,0,0
BRDA:290,8,1,0
BRDA:327,9,0,0
BRDA:327,9,1,0
BRDA:327,10,0,0
BRDA:327,10,1,0
BRDA:340,11,0,0
BRDA:340,11,1,0
BRDA:402,12,0,0
BRDA:402,12,1,0
BRDA:411,13,0,0
BRDA:411,13,1,0
BRDA:420,14,0,0
BRDA:420,14,1,0
BRDA:429,15,0,0
BRDA:429,15,1,0
BRDA:493,16,0,0
BRDA:493,16,1,0
BRDA:497,17,0,0
BRDA:497,17,1,0
BRDA:530,18,0,0
BRDA:530,18,1,0
BRDA:558,19,0,0
BRDA:558,19,1,0
BRDA:762,20,0,0
BRDA:762,20,1,0
BRF:42
BRH:0
end_of_record
TN:
SF:src/slices/AppSlice.ts
FN:27,(anonymous_0)
FN:145,(anonymous_1)
FN:174,(anonymous_2)
FN:214,(anonymous_3)
FN:218,(anonymous_4)
FN:220,(anonymous_5)
FN:223,(anonymous_6)
FN:227,(anonymous_7)
FN:231,(anonymous_8)
FN:234,(anonymous_9)
FN:238,(anonymous_10)
FN:245,(anonymous_11)
FN:251,(anonymous_12)
FNF:13
FNH:3
FNDA:1,(anonymous_0)
FNDA:0,(anonymous_1)
FNDA:0,(anonymous_2)
FNDA:0,(anonymous_3)
FNDA:1,(anonymous_4)
FNDA:1,(anonymous_5)
FNDA:0,(anonymous_6)
FNDA:0,(anonymous_7)
FNDA:0,(anonymous_8)
FNDA:0,(anonymous_9)
FNDA:0,(anonymous_10)
FNDA:0,(anonymous_11)
FNDA:0,(anonymous_12)
DA:25,1
DA:28,1
DA:50,1
DA:51,0
DA:52,0
DA:54,1
DA:56,0
DA:57,0
DA:58,0
DA:61,0
DA:65,0
DA:66,0
DA:69,0
DA:72,0
DA:73,0
DA:76,0
DA:77,0
DA:78,0
DA:79,0
DA:82,0
DA:83,0
DA:84,0
DA:93,0
DA:95,0
DA:96,0
DA:98,0
DA:101,0
DA:102,0
DA:103,0
DA:104,0
DA:105,0
DA:106,0
DA:107,0
DA:110,0
DA:111,0
DA:112,0
DA:143,1
DA:146,0
DA:149,0
DA:151,0
DA:154,0
DA:155,0
DA:158,0
DA:161,0
DA:162,0
DA:165,0
DA:174,1
DA:176,0
DA:178,0
DA:181,0
DA:183,0
DA:205,1
DA:210,1
DA:215,0
DA:219,1
DA:221,1
DA:224,0
DA:225,0
DA:228,0
DA:229,0
DA:232,0
DA:235,0
DA:236,0
DA:239,0
DA:240,0
DA:245,1
DA:249,1
DA:251,1
LF:68
LH:13
BRDA:50,0,0,0
BRDA:50,0,1,1
BRDA:56,1,0,0
BRDA:56,1,1,0
BRDA:56,2,0,0
BRDA:56,2,1,0
BRDA:82,3,0,0
BRDA:82,3,1,0
BRDA:149,4,0,0
BRDA:149,4,1,0
BRDA:149,5,0,0
BRDA:149,5,1,0
BRF:12
BRH:1
end_of_record
TN:
SF:src/slices/BondSlice.ts
FN:23,(anonymous_0)
FN:81,(anonymous_1)
FN:203,(anonymous_2)
FN:263,(anonymous_3)
FN:315,(anonymous_4)
FN:337,(anonymous_5)
FN:358,(anonymous_6)
FN:373,(anonymous_7)
FN:378,(anonymous_8)
FN:380,(anonymous_9)
FN:383,(anonymous_10)
FN:387,(anonymous_11)
FN:398,(anonymous_12)
FN:400,(anonymous_13)
FNF:14
FNH:3
FNDA:0,(anonymous_0)
FNDA:12,(anonymous_1)
FNDA:0,(anonymous_2)
FNDA:0,(anonymous_3)
FNDA:0,(anonymous_4)
FNDA:0,(anonymous_5)
FNDA:0,(anonymous_6)
FNDA:0,(anonymous_7)
FNDA:1,(anonymous_8)
FNDA:12,(anonymous_9)
FNDA:0,(anonymous_10)
FNDA:0,(anonymous_11)
FNDA:0,(anonymous_12)
FNDA:0,(anonymous_13)
DA:21,1
DA:24,0
DA:25,0
DA:26,0
DA:29,0
DA:30,0
DA:31,0
DA:34,0
DA:37,0
DA:38,0
DA:39,0
DA:40,0
DA:43,0
DA:44,0
DA:48,0
DA:55,0
DA:57,0
DA:59,0
DA:60,0
DA:61,0
DA:79,1
DA:82,12
DA:83,12
DA:85,12
DA:87,12
DA:88,12
DA:89,12
DA:90,12
DA:91,12
DA:92,12
DA:94,12
DA:95,0
DA:97,0
DA:99,0
DA:100,0
DA:102,0
DA:104,0
DA:106,0
DA:109,0
DA:110,0
DA:111,0
DA:114,0
DA:117,0
DA:120,0
DA:122,0
DA:123,0
DA:124,0
DA:125,0
DA:127,0
DA:129,0
DA:131,0
DA:132,0
DA:134,0
DA:137,0
DA:138,0
DA:139,0
DA:140,0
DA:143,0
DA:144,0
DA:146,0
DA:147,0
DA:148,0
DA:151,0
DA:152,0
DA:153,0
DA:154,0
DA:155,0
DA:157,0
DA:161,0
DA:163,0
DA:164,0
DA:165,0
DA:166,0
DA:168,0
DA:172,0
DA:176,0
DA:178,0
DA:181,0
DA:185,0
DA:187,0
DA:201,1
DA:204,0
DA:205,0
DA:207,0
DA:211,0
DA:212,0
DA:213,0
DA:214,0
DA:218,0
DA:226,0
DA:227,0
DA:228,0
DA:231,0
DA:232,0
DA:236,0
DA:238,0
DA:239,0
DA:240,0
DA:243,0
DA:245,0
DA:246,0
DA:247,0
DA:255,0
DA:261,1
DA:264,0
DA:265,0
DA:266,0
DA:269,0
DA:270,0
DA:273,0
DA:281,0
DA:282,0
DA:283,0
DA:284,0
DA:285,0
DA:289,0
DA:290,0
DA:292,0
DA:294,0
DA:295,0
DA:297,0
DA:298,0
DA:299,0
DA:307,0
DA:313,1
DA:316,0
DA:317,0
DA:318,0
DA:321,0
DA:322,0
DA:326,0
DA:327,0
DA:328,0
DA:330,0
DA:334,0
DA:336,0
DA:338,0
DA:341,0
DA:343,0
DA:345,0
DA:346,0
DA:358,1
DA:359,0
DA:360,0
DA:361,0
DA:362,0
DA:365,1
DA:369,1
DA:374,0
DA:379,1
DA:381,12
DA:384,0
DA:385,0
DA:388,0
DA:389,0
DA:396,1
DA:398,1
DA:400,1
LF:158
LH:23
BRDA:24,0,0,0
BRDA:24,0,1,0
BRDA:34,1,0,0
BRDA:34,1,1,0
BRDA:37,2,0,0
BRDA:37,2,1,0
BRDA:45,3,0,0
BRDA:45,3,1,0
BRDA:59,4,0,0
BRDA:59,4,1,0
BRDA:82,5,0,12
BRDA:82,5,1,0
BRDA:82,6,0,12
BRDA:82,6,1,0
BRDA:99,7,0,0
BRDA:99,7,1,0
BRDA:122,8,0,0
BRDA:122,8,1,0
BRDA:131,9,0,0
BRDA:131,9,1,0
BRDA:144,10,0,0
BRDA:144,10,1,0
BRDA:147,11,0,0
BRDA:147,11,1,0
BRDA:149,12,0,0
BRDA:149,12,1,0
BRDA:152,13,0,0
BRDA:152,13,1,0
BRDA:152,14,0,0
BRDA:152,14,1,0
BRDA:163,15,0,0
BRDA:163,15,1,0
BRDA:163,16,0,0
BRDA:163,16,1,0
BRDA:176,17,0,0
BRDA:176,17,1,0
BRDA:176,18,0,0
BRDA:176,18,1,0
BRDA:205,19,0,0
BRDA:205,19,1,0
BRDA:239,20,0,0
BRDA:239,20,1,0
BRDA:239,21,0,0
BRDA:239,21,1,0
BRDA:245,22,0,0
BRDA:245,22,1,0
BRDA:249,23,0,0
BRDA:249,23,1,0
BRDA:251,24,0,0
BRDA:251,24,1,0
BRDA:264,25,0,0
BRDA:264,25,1,0
BRDA:297,26,0,0
BRDA:297,26,1,0
BRDA:301,27,0,0
BRDA:301,27,1,0
BRDA:303,28,0,0
BRDA:303,28,1,0
BRDA:316,29,0,0
BRDA:316,29,1,0
BRDA:328,30,0,0
BRDA:328,30,1,0
BRDA:336,31,0,0
BRDA:336,31,1,0
BRDA:345,32,0,0
BRDA:345,32,1,0
BRF:66
BRH:2
end_of_record
TN:
SF:src/slices/BondSliceV2.ts
FN:103,checkNetwork
FN:112,(anonymous_1)
FN:146,(anonymous_2)
FN:182,(anonymous_3)
FN:194,(anonymous_4)
FN:203,processBond
FN:291,(anonymous_6)
FN:296,(anonymous_7)
FN:297,(anonymous_8)
FN:298,(anonymous_9)
FN:319,(anonymous_10)
FN:324,(anonymous_11)
FN:333,(anonymous_12)
FN:334,(anonymous_13)
FN:336,(anonymous_14)
FN:336,(anonymous_15)
FN:384,(anonymous_16)
FN:413,(anonymous_17)
FN:466,(anonymous_18)
FN:471,(anonymous_19)
FN:473,(anonymous_20)
FN:476,(anonymous_21)
FN:479,(anonymous_22)
FN:485,(anonymous_23)
FN:491,(anonymous_24)
FN:494,(anonymous_25)
FN:498,(anonymous_26)
FN:502,(anonymous_27)
FN:505,(anonymous_28)
FN:509,(anonymous_29)
FN:521,(anonymous_30)
FN:523,(anonymous_31)
FNF:32
FNH:4
FNDA:1,checkNetwork
FNDA:0,(anonymous_1)
FNDA:0,(anonymous_2)
FNDA:0,(anonymous_3)
FNDA:0,(anonymous_4)
FNDA:0,processBond
FNDA:1,(anonymous_6)
FNDA:0,(anonymous_7)
FNDA:0,(anonymous_8)
FNDA:0,(anonymous_9)
FNDA:0,(anonymous_10)
FNDA:0,(anonymous_11)
FNDA:0,(anonymous_12)
FNDA:0,(anonymous_13)
FNDA:0,(anonymous_14)
FNDA:0,(anonymous_15)
FNDA:0,(anonymous_16)
FNDA:0,(anonymous_17)
FNDA:0,(anonymous_18)
FNDA:1,(anonymous_19)
FNDA:1,(anonymous_20)
FNDA:0,(anonymous_21)
FNDA:0,(anonymous_22)
FNDA:0,(anonymous_23)
FNDA:0,(anonymous_24)
FNDA:0,(anonymous_25)
FNDA:0,(anonymous_26)
FNDA:0,(anonymous_27)
FNDA:0,(anonymous_28)
FNDA:0,(anonymous_29)
FNDA:0,(anonymous_30)
FNDA:0,(anonymous_31)
DA:22,1
DA:104,1
DA:106,0
DA:110,1
DA:113,0
DA:114,0
DA:115,0
DA:116,0
DA:117,0
DA:118,0
DA:120,0
DA:121,0
DA:125,0
DA:126,0
DA:127,0
DA:128,0
DA:130,0
DA:131,0
DA:134,0
DA:135,0
DA:137,0
DA:138,0
DA:144,1
DA:147,0
DA:148,0
DA:149,0
DA:152,0
DA:153,0
DA:160,0
DA:161,0
DA:162,0
DA:163,0
DA:164,0
DA:165,0
DA:168,0
DA:169,0
DA:171,0
DA:172,0
DA:173,0
DA:174,0
DA:180,1
DA:183,0
DA:184,0
DA:185,0
DA:186,0
DA:187,0
DA:188,0
DA:192,1
DA:195,0
DA:196,0
DA:197,0
DA:198,0
DA:199,0
DA:212,0
DA:213,0
DA:214,0
DA:216,0
DA:217,0
DA:218,0
DA:220,0
DA:221,0
DA:222,0
DA:223,0
DA:224,0
DA:225,0
DA:231,0
DA:232,0
DA:233,0
DA:235,0
DA:236,0
DA:238,0
DA:239,0
DA:241,0
DA:242,0
DA:243,0
DA:244,0
DA:246,0
DA:247,0
DA:249,0
DA:250,0
DA:251,0
DA:253,0
DA:258,0
DA:259,0
DA:260,0
DA:261,0
DA:263,0
DA:289,1
DA:292,1
DA:293,1
DA:294,1
DA:296,0
DA:297,0
DA:298,0
DA:299,0
DA:301,0
DA:302,0
DA:303,0
DA:304,0
DA:305,0
DA:306,0
DA:307,0
DA:309,0
DA:310,0
DA:313,0
DA:317,1
DA:320,0
DA:321,0
DA:322,0
DA:323,0
DA:324,0
DA:331,0
DA:332,0
DA:333,0
DA:334,0
DA:336,0
DA:337,0
DA:338,0
DA:345,0
DA:346,0
DA:347,0
DA:348,0
DA:349,0
DA:350,0
DA:351,0
DA:352,0
DA:353,0
DA:355,0
DA:357,0
DA:358,0
DA:359,0
DA:361,0
DA:363,0
DA:376,0
DA:378,0
DA:382,1
DA:385,0
DA:386,0
DA:389,0
DA:390,0
DA:391,0
DA:392,0
DA:393,0
DA:394,0
DA:396,0
DA:397,0
DA:400,0
DA:401,0
DA:403,0
DA:404,0
DA:405,0
DA:411,1
DA:414,0
DA:415,0
DA:418,0
DA:419,0
DA:420,0
DA:421,0
DA:422,0
DA:423,0
DA:424,0
DA:427,0
DA:428,0
DA:431,0
DA:432,0
DA:434,0
DA:435,0
DA:436,0
DA:452,1
DA:462,1
DA:467,0
DA:472,1
DA:474,1
DA:477,0
DA:478,0
DA:479,0
DA:480,0
DA:481,0
DA:483,0
DA:486,0
DA:487,0
DA:488,0
DA:489,0
DA:492,0
DA:495,0
DA:496,0
DA:499,0
DA:500,0
DA:503,0
DA:506,0
DA:507,0
DA:510,0
DA:511,0
DA:512,0
DA:517,1
DA:519,1
DA:521,1
DA:523,1
LF:198
LH:21
BRDA:104,0,0,0
BRDA:104,0,1,1
BRDA:104,1,0,1
BRDA:104,1,1,0
BRDA:127,2,0,0
BRDA:127,2,1,0
BRDA:137,3,0,0
BRDA:137,3,1,0
BRDA:162,4,0,0
BRDA:162,4,1,0
BRDA:171,5,0,0
BRDA:171,5,1,0
BRDA:216,6,0,0
BRDA:216,6,1,0
BRDA:231,7,0,0
BRDA:231,7,1,0
BRDA:242,8,0,0
BRDA:242,8,1,0
BRDA:250,9,0,0
BRDA:250,9,1,0
BRDA:259,10,0,0
BRDA:259,10,1,0
BRDA:259,11,0,0
BRDA:259,11,1,0
BRDA:260,12,0,0
BRDA:260,12,1,0
BRDA:261,13,0,0
BRDA:261,13,1,0
BRDA:276,14,0,0
BRDA:276,14,1,0
BRDA:309,15,0,0
BRDA:309,15,1,0
BRDA:350,16,0,0
BRDA:350,16,1,0
BRDA:352,17,0,0
BRDA:352,17,1,0
BRDA:358,18,0,0
BRDA:358,18,1,0
BRDA:393,19,0,0
BRDA:393,19,1,0
BRDA:403,20,0,0
BRDA:403,20,1,0
BRDA:421,21,0,0
BRDA:421,21,1,0
BRDA:434,22,0,0
BRDA:434,22,1,0
BRF:46
BRH:2
end_of_record
TN:
SF:src/slices/GiveThunk.ts
FN:41,(anonymous_0)
FN:48,(anonymous_1)
FN:59,(anonymous_2)
FN:100,(anonymous_3)
FN:151,(anonymous_4)
FN:227,(anonymous_5)
FN:298,(anonymous_6)
FNF:7
FNH:0
FNDA:0,(anonymous_0)
FNDA:0,(anonymous_1)
FNDA:0,(anonymous_2)
FNDA:0,(anonymous_3)
FNDA:0,(anonymous_4)
FNDA:0,(anonymous_5)
FNDA:0,(anonymous_6)
DA:32,1
DA:33,1
DA:34,1
DA:35,1
DA:37,1
DA:38,1
DA:39,1
DA:41,1
DA:43,0
DA:45,0
DA:48,1
DA:49,0
DA:57,1
DA:60,0
DA:61,0
DA:62,0
DA:65,0
DA:66,0
DA:68,0
DA:69,0
DA:73,0
DA:74,0
DA:75,0
DA:76,0
DA:78,0
DA:79,0
DA:81,0
DA:82,0
DA:86,0
DA:88,0
DA:98,1
DA:101,0
DA:102,0
DA:103,0
DA:112,0
DA:113,0
DA:115,0
DA:116,0
DA:120,0
DA:121,0
DA:122,0
DA:123,0
DA:125,0
DA:126,0
DA:128,0
DA:129,0
DA:137,0
DA:139,0
DA:149,1
DA:152,0
DA:153,0
DA:154,0
DA:157,0
DA:158,0
DA:161,0
DA:170,0
DA:171,0
DA:172,0
DA:173,0
DA:174,0
DA:175,0
DA:176,0
DA:177,0
DA:178,0
DA:179,0
DA:180,0
DA:181,0
DA:182,0
DA:183,0
DA:185,0
DA:186,0
DA:187,0
DA:188,0
DA:190,0
DA:191,0
DA:192,0
DA:194,0
DA:195,0
DA:196,0
DA:197,0
DA:201,0
DA:203,0
DA:205,0
DA:206,0
DA:208,0
DA:217,0
DA:220,0
DA:221,0
DA:225,1
DA:228,0
DA:229,0
DA:230,0
DA:233,0
DA:234,0
DA:237,0
DA:246,0
DA:247,0
DA:248,0
DA:249,0
DA:250,0
DA:251,0
DA:252,0
DA:253,0
DA:254,0
DA:255,0
DA:256,0
DA:257,0
DA:258,0
DA:259,0
DA:261,0
DA:262,0
DA:263,0
DA:264,0
DA:266,0
DA:267,0
DA:268,0
DA:270,0
DA:271,0
DA:272,0
DA:273,0
DA:277,0
DA:279,0
DA:281,0
DA:282,0
DA:284,0
DA:287,0
DA:288,0
DA:296,1
DA:299,0
DA:300,0
DA:301,0
DA:304,0
DA:305,0
DA:306,0
DA:308,0
DA:309,0
DA:310,0
DA:311,0
DA:313,0
DA:314,0
DA:315,0
DA:317,0
DA:318,0
DA:321,0
LF:144
LH:14
BRDA:43,0,0,0
BRDA:43,0,1,0
BRDA:43,1,0,0
BRDA:43,1,1,0
BRDA:50,2,0,0
BRDA:50,2,1,0
BRDA:50,2,2,0
BRDA:60,3,0,0
BRDA:60,3,1,0
BRDA:81,4,0,0
BRDA:81,4,1,0
BRDA:101,5,0,0
BRDA:101,5,1,0
BRDA:128,6,0,0
BRDA:128,6,1,0
BRDA:152,7,0,0
BRDA:152,7,1,0
BRDA:172,8,0,0
BRDA:172,8,1,0
BRDA:176,9,0,0
BRDA:176,9,1,0
BRDA:179,10,0,0
BRDA:179,10,1,0
BRDA:181,11,0,0
BRDA:181,11,1,0
BRDA:185,12,0,0
BRDA:185,12,1,0
BRDA:196,13,0,0
BRDA:196,13,1,0
BRDA:196,14,0,0
BRDA:196,14,1,0
BRDA:205,15,0,0
BRDA:205,15,1,0
BRDA:210,16,0,0
BRDA:210,16,1,0
BRDA:211,17,0,0
BRDA:211,17,1,0
BRDA:212,18,0,0
BRDA:212,18,1,0
BRDA:228,19,0,0
BRDA:228,19,1,0
BRDA:248,20,0,0
BRDA:248,20,1,0
BRDA:252,21,0,0
BRDA:252,21,1,0
BRDA:255,22,0,0
BRDA:255,22,1,0
BRDA:257,23,0,0
BRDA:257,23,1,0
BRDA:261,24,0,0
BRDA:261,24,1,0
BRDA:272,25,0,0
BRDA:272,25,1,0
BRDA:272,26,0,0
BRDA:272,26,1,0
BRDA:281,27,0,0
BRDA:281,27,1,0
BRDA:299,28,0,0
BRDA:299,28,1,0
BRDA:317,29,0,0
BRDA:317,29,1,0
BRF:61
BRH:0
end_of_record
TN:
SF:src/slices/MessagesSlice.ts
FN:18,(anonymous_0)
FN:38,(anonymous_1)
FN:42,(anonymous_2)
FN:46,(anonymous_3)
FN:47,(anonymous_4)
FN:52,(anonymous_5)
FN:53,(anonymous_6)
FNF:7
FNH:2
FNDA:1,(anonymous_0)
FNDA:0,(anonymous_1)
FNDA:1,(anonymous_2)
FNDA:0,(anonymous_3)
FNDA:0,(anonymous_4)
FNDA:0,(anonymous_5)
FNDA:0,(anonymous_6)
DA:3,1
DA:4,1
DA:18,1
DA:19,1
DA:27,1
DA:28,1
DA:30,1
DA:33,1
DA:39,0
DA:43,1
DA:47,0
DA:48,0
DA:53,0
DA:54,0
DA:56,0
DA:57,0
DA:63,1
LF:17
LH:10
BRDA:48,0,0,0
BRDA:48,0,1,0
BRDA:56,1,0,0
BRDA:56,1,1,0
BRF:4
BRH:0
end_of_record
TN:
SF:src/slices/MigrateThunk.ts
FN:25,(anonymous_0)
FN:45,(anonymous_1)
FN:101,(anonymous_2)
FN:137,(anonymous_3)
FN:174,(anonymous_4)
FN:211,(anonymous_5)
FN:247,(anonymous_6)
FNF:7
FNH:0
FNDA:0,(anonymous_0)
FNDA:0,(anonymous_1)
FNDA:0,(anonymous_2)
FNDA:0,(anonymous_3)
FNDA:0,(anonymous_4)
FNDA:0,(anonymous_5)
FNDA:0,(anonymous_6)
DA:25,1
DA:27,0
DA:28,0
DA:29,0
DA:30,0
DA:31,0
DA:32,0
DA:33,0
DA:34,0
DA:36,0
DA:37,0
DA:38,0
DA:40,0
DA:43,1
DA:50,0
DA:51,0
DA:52,0
DA:54,0
DA:55,0
DA:57,0
DA:58,0
DA:59,0
DA:60,0
DA:63,0
DA:64,0
DA:65,0
DA:66,0
DA:69,0
DA:70,0
DA:75,0
DA:76,0
DA:78,0
DA:79,0
DA:80,0
DA:82,0
DA:83,0
DA:85,0
DA:86,0
DA:87,0
DA:99,1
DA:102,0
DA:103,0
DA:104,0
DA:107,0
DA:108,0
DA:112,0
DA:113,0
DA:114,0
DA:115,0
DA:117,0
DA:118,0
DA:119,0
DA:120,0
DA:123,0
DA:125,0
DA:126,0
DA:127,0
DA:135,1
DA:138,0
DA:139,0
DA:140,0
DA:143,0
DA:144,0
DA:147,0
DA:148,0
DA:153,0
DA:154,0
DA:156,0
DA:157,0
DA:158,0
DA:159,0
DA:162,0
DA:164,0
DA:165,0
DA:166,0
DA:172,1
DA:175,0
DA:176,0
DA:177,0
DA:180,0
DA:181,0
DA:184,0
DA:185,0
DA:190,0
DA:191,0
DA:193,0
DA:194,0
DA:195,0
DA:196,0
DA:199,0
DA:201,0
DA:202,0
DA:203,0
DA:209,1
DA:212,0
DA:213,0
DA:214,0
DA:217,0
DA:218,0
DA:222,0
DA:223,0
DA:224,0
DA:225,0
DA:227,0
DA:228,0
DA:229,0
DA:230,0
DA:233,0
DA:234,0
DA:236,0
DA:237,0
DA:238,0
DA:239,0
DA:245,1
DA:248,0
DA:249,0
DA:250,0
DA:252,0
DA:253,0
DA:255,0
DA:256,0
DA:257,0
DA:258,0
DA:259,0
DA:260,0
DA:261,0
DA:262,0
DA:265,0
DA:267,0
DA:268,0
DA:269,0
LF:131
LH:7
BRDA:27,0,0,0
BRDA:27,0,1,0
BRDA:29,1,0,0
BRDA:29,1,1,0
BRDA:31,2,0,0
BRDA:31,2,1,0
BRDA:33,3,0,0
BRDA:33,3,1,0
BRDA:50,4,0,0
BRDA:50,4,1,0
BRDA:63,5,0,0
BRDA:63,5,1,0
BRDA:72,6,0,0
BRDA:72,6,1,0
BRDA:72,7,0,0
BRDA:72,7,1,0
BRDA:76,8,0,0
BRDA:76,8,1,0
BRDA:86,9,0,0
BRDA:86,9,1,0
BRDA:102,10,0,0
BRDA:102,10,1,0
BRDA:117,11,0,0
BRDA:117,11,1,0
BRDA:126,12,0,0
BRDA:126,12,1,0
BRDA:138,13,0,0
BRDA:138,13,1,0
BRDA:149,14,0,0
BRDA:149,14,1,0
BRDA:150,15,0,0
BRDA:150,15,1,0
BRDA:156,16,0,0
BRDA:156,16,1,0
BRDA:165,17,0,0
BRDA:165,17,1,0
BRDA:175,18,0,0
BRDA:175,18,1,0
BRDA:186,19,0,0
BRDA:186,19,1,0
BRDA:188,20,0,0
BRDA:188,20,1,0
BRDA:193,21,0,0
BRDA:193,21,1,0
BRDA:202,22,0,0
BRDA:202,22,1,0
BRDA:212,23,0,0
BRDA:212,23,1,0
BRDA:223,24,0,0
BRDA:223,24,1,0
BRDA:227,25,0,0
BRDA:227,25,1,0
BRDA:238,26,0,0
BRDA:238,26,1,0
BRDA:248,27,0,0
BRDA:248,27,1,0
BRDA:259,28,0,0
BRDA:259,28,1,0
BRDA:268,29,0,0
BRDA:268,29,1,0
BRF:60
BRH:0
end_of_record
TN:
SF:src/slices/PendingTxnsSlice.ts
FN:17,(anonymous_0)
FN:20,(anonymous_1)
FN:21,(anonymous_2)
FN:28,(anonymous_3)
FN:32,(anonymous_4)
FN:40,(anonymous_5)
FN:43,(anonymous_6)
FN:44,(anonymous_7)
FN:46,(anonymous_8)
FN:50,(anonymous_9)
FN:51,(anonymous_10)
FN:54,(anonymous_11)
FNF:12
FNH:0
FNDA:0,(anonymous_0)
FNDA:0,(anonymous_1)
FNDA:0,(anonymous_2)
FNDA:0,(anonymous_3)
FNDA:0,(anonymous_4)
FNDA:0,(anonymous_5)
FNDA:0,(anonymous_6)
FNDA:0,(anonymous_7)
FNDA:0,(anonymous_8)
FNDA:0,(anonymous_9)
FNDA:0,(anonymous_10)
FNDA:0,(anonymous_11)
DA:11,1
DA:13,1
DA:18,0
DA:21,0
DA:22,0
DA:23,0
DA:28,1
DA:29,0
DA:32,1
DA:33,0
DA:40,1
DA:41,0
DA:43,1
DA:44,0
DA:46,1
DA:47,0
DA:50,1
DA:51,0
DA:54,1
DA:55,0
DA:58,1
LF:21
LH:10
BRDA:22,0,0,0
BRDA:22,0,1,0
BRDA:29,1,0,0
BRDA:29,1,1,0
BRDA:33,2,0,0
BRDA:33,2,1,0
BRDA:35,3,0,0
BRDA:35,3,1,0
BRDA:41,4,0,0
BRDA:41,4,1,0
BRDA:47,5,0,0
BRDA:47,5,1,0
BRDA:51,6,0,0
BRDA:51,6,1,0
BRDA:55,7,0,0
BRDA:55,7,1,0
BRF:16
BRH:0
end_of_record
TN:
SF:src/slices/PoolThunk.ts
FN:26,(anonymous_0)
FN:56,(anonymous_1)
FN:75,(anonymous_2)
FN:136,(anonymous_3)
FN:206,(anonymous_4)
FN:242,(anonymous_5)
FN:306,(anonymous_6)
FN:371,(anonymous_7)
FN:373,(anonymous_8)
FN:376,(anonymous_9)
FN:380,(anonymous_10)
FN:384,(anonymous_11)
FN:387,(anonymous_12)
FN:391,(anonymous_13)
FN:400,(anonymous_14)
FN:402,(anonymous_15)
FNF:16
FNH:1
FNDA:0,(anonymous_0)
FNDA:0,(anonymous_1)
FNDA:0,(anonymous_2)
FNDA:0,(anonymous_3)
FNDA:0,(anonymous_4)
FNDA:0,(anonymous_5)
FNDA:0,(anonymous_6)
FNDA:1,(anonymous_7)
FNDA:0,(anonymous_8)
FNDA:0,(anonymous_9)
FNDA:0,(anonymous_10)
FNDA:0,(anonymous_11)
FNDA:0,(anonymous_12)
FNDA:0,(anonymous_13)
FNDA:0,(anonymous_14)
FNDA:0,(anonymous_15)
DA:24,1
DA:28,0
DA:33,0
DA:34,0
DA:35,0
DA:40,0
DA:45,0
DA:47,0
DA:56,1
DA:57,0
DA:62,0
DA:63,0
DA:64,0
DA:66,0
DA:73,1
DA:76,0
DA:77,0
DA:78,0
DA:81,0
DA:82,0
DA:85,0
DA:88,0
DA:89,0
DA:90,0
DA:99,0
DA:100,0
DA:101,0
DA:106,0
DA:107,0
DA:108,0
DA:109,0
DA:112,0
DA:113,0
DA:115,0
DA:116,0
DA:121,0
DA:123,0
DA:134,1
DA:137,0
DA:138,0
DA:139,0
DA:141,0
DA:142,0
DA:148,0
DA:155,0
DA:156,0
DA:157,0
DA:163,0
DA:164,0
DA:165,0
DA:166,0
DA:168,0
DA:171,0
DA:172,0
DA:173,0
DA:177,0
DA:179,0
DA:181,0
DA:182,0
DA:183,0
DA:184,0
DA:185,0
DA:189,0
DA:204,1
DA:207,0
DA:221,0
DA:227,0
DA:229,0
DA:240,1
DA:243,0
DA:244,0
DA:245,0
DA:248,0
DA:249,0
DA:256,0
DA:264,0
DA:265,0
DA:266,0
DA:267,0
DA:274,0
DA:275,0
DA:276,0
DA:277,0
DA:278,0
DA:279,0
DA:281,0
DA:284,0
DA:285,0
DA:286,0
DA:290,0
DA:292,0
DA:294,0
DA:295,0
DA:298,0
DA:299,0
DA:300,0
DA:304,1
DA:307,0
DA:308,0
DA:309,0
DA:312,0
DA:313,0
DA:321,0
DA:322,0
DA:323,0
DA:324,0
DA:325,0
DA:326,0
DA:327,0
DA:329,0
DA:331,0
DA:332,0
DA:333,0
DA:334,0
DA:335,0
DA:337,0
DA:338,0
DA:339,0
DA:343,0
DA:345,0
DA:347,0
DA:348,0
DA:352,0
DA:356,1
DA:367,1
DA:372,1
DA:374,0
DA:377,0
DA:378,0
DA:381,0
DA:382,0
DA:385,0
DA:388,0
DA:389,0
DA:392,0
DA:393,0
DA:400,1
DA:402,1
LF:138
LH:12
BRDA:64,0,0,0
BRDA:64,0,1,0
BRDA:76,1,0,0
BRDA:76,1,1,0
BRDA:88,2,0,0
BRDA:88,2,1,0
BRDA:100,3,0,0
BRDA:100,3,1,0
BRDA:115,4,0,0
BRDA:115,4,1,0
BRDA:137,5,0,0
BRDA:137,5,1,0
BRDA:156,6,0,0
BRDA:156,6,1,0
BRDA:172,7,0,0
BRDA:172,7,1,0
BRDA:172,8,0,0
BRDA:172,8,1,0
BRDA:181,9,0,0
BRDA:181,9,1,0
BRDA:243,10,0,0
BRDA:243,10,1,0
BRDA:265,11,0,0
BRDA:265,11,1,0
BRDA:285,12,0,0
BRDA:285,12,1,0
BRDA:285,13,0,0
BRDA:285,13,1,0
BRDA:294,14,0,0
BRDA:294,14,1,0
BRDA:307,15,0,0
BRDA:307,15,1,0
BRDA:322,16,0,0
BRDA:322,16,1,0
BRDA:324,17,0,0
BRDA:324,17,1,0
BRDA:326,18,0,0
BRDA:326,18,1,0
BRDA:333,19,0,0
BRDA:333,19,1,0
BRDA:338,20,0,0
BRDA:338,20,1,0
BRDA:338,21,0,0
BRDA:338,21,1,0
BRDA:347,22,0,0
BRDA:347,22,1,0
BRF:46
BRH:0
end_of_record
TN:
SF:src/slices/RedeemThunk.ts
FN:23,(anonymous_0)
FN:72,(anonymous_1)
FNF:2
FNH:0
FNDA:0,(anonymous_0)
FNDA:0,(anonymous_1)
DA:21,1
DA:24,0
DA:25,0
DA:26,0
DA:29,0
DA:30,0
DA:31,0
DA:34,0
DA:42,0
DA:43,0
DA:44,0
DA:45,0
DA:46,0
DA:47,0
DA:48,0
DA:50,0
DA:51,0
DA:52,0
DA:53,0
DA:55,0
DA:57,0
DA:59,0
DA:60,0
DA:62,0
DA:65,0
DA:66,0
DA:70,1
DA:73,0
DA:74,0
DA:75,0
DA:78,0
DA:79,0
DA:80,0
DA:83,0
DA:84,0
DA:85,0
DA:88,0
DA:96,0
DA:97,0
DA:98,0
DA:99,0
DA:100,0
DA:101,0
DA:102,0
DA:104,0
DA:105,0
DA:106,0
DA:107,0
DA:109,0
DA:111,0
DA:113,0
DA:114,0
DA:116,0
DA:119,0
DA:120,0
LF:55
LH:2
BRDA:24,0,0,0
BRDA:24,0,1,0
BRDA:52,1,0,0
BRDA:52,1,1,0
BRDA:59,2,0,0
BRDA:59,2,1,0
BRDA:73,3,0,0
BRDA:73,3,1,0
BRDA:78,4,0,0
BRDA:78,4,1,0
BRDA:78,5,0,0
BRDA:78,5,1,0
BRDA:106,6,0,0
BRDA:106,6,1,0
BRDA:113,7,0,0
BRDA:113,7,1,0
BRF:16
BRH:0
end_of_record
TN:
SF:src/slices/StakeThunk.ts
FN:28,alreadyApprovedToken
FN:58,(anonymous_1)
FN:152,(anonymous_2)
FNF:3
FNH:0
FNDA:0,alreadyApprovedToken
FNDA:0,(anonymous_1)
FNDA:0,(anonymous_2)
DA:37,0
DA:38,0
DA:40,0
DA:41,0
DA:42,0
DA:43,0
DA:44,0
DA:45,0
DA:46,0
DA:47,0
DA:51,0
DA:53,0
DA:56,1
DA:59,0
DA:60,0
DA:61,0
DA:63,0
DA:64,0
DA:65,0
DA:66,0
DA:67,0
DA:69,0
DA:70,0
DA:71,0
DA:72,0
DA:74,0
DA:75,0
DA:76,0
DA:88,0
DA:89,0
DA:90,0
DA:91,0
DA:95,0
DA:96,0
DA:102,0
DA:103,0
DA:107,0
DA:108,0
DA:115,0
DA:116,0
DA:117,0
DA:118,0
DA:120,0
DA:123,0
DA:124,0
DA:126,0
DA:127,0
DA:132,0
DA:133,0
DA:134,0
DA:135,0
DA:137,0
DA:150,1
DA:153,0
DA:154,0
DA:155,0
DA:158,0
DA:160,0
DA:162,0
DA:168,0
DA:171,0
DA:178,0
DA:179,0
DA:180,0
DA:181,0
DA:182,0
DA:185,0
DA:189,0
DA:192,0
DA:197,0
DA:198,0
DA:199,0
DA:201,0
DA:202,0
DA:205,0
DA:206,0
DA:207,0
DA:208,0
DA:210,0
DA:211,0
DA:212,0
DA:213,0
DA:217,0
DA:219,0
DA:221,0
DA:222,0
DA:223,0
DA:231,0
DA:234,0
LF:89
LH:2
BRDA:40,0,0,0
BRDA:40,0,1,0
BRDA:40,1,0,0
BRDA:40,1,1,0
BRDA:42,2,0,0
BRDA:42,2,1,0
BRDA:42,3,0,0
BRDA:42,3,1,0
BRDA:44,4,0,0
BRDA:44,4,1,0
BRDA:46,5,0,0
BRDA:46,5,1,0
BRDA:51,6,0,0
BRDA:51,6,1,0
[...]
DA:113,3
DA:114,17
DA:116,3
DA:117,17
DA:120,3
DA:121,17
DA:123,3
DA:124,17
DA:127,3
DA:128,17
DA:130,3
DA:131,17
DA:134,3
DA:136,3
DA:137,17
DA:139,3
DA:140,17
DA:143,3
DA:144,17
DA:147,3
DA:148,17
DA:150,3
DA:151,17
DA:153,3
DA:154,17
DA:157,3
DA:158,17
DA:161,3
DA:162,0
DA:163,0
DA:164,0
DA:165,0
DA:166,0
DA:167,0
DA:171,3
DA:172,0
DA:173,0
DA:175,0
DA:179,3
DA:181,0
DA:183,0
DA:187,0
DA:188,0
DA:189,0
DA:192,0
DA:193,0
DA:205,0
DA:206,0
DA:207,0
DA:209,0
DA:213,0
DA:226,3
DA:228,0
DA:229,0
DA:230,0
DA:231,0
DA:236,3
DA:238,3
DA:240,3
DA:246,3
DA:247,0
DA:250,3
DA:251,0
DA:254,3
DA:269,0
DA:270,0
DA:273,3
DA:275,3
DA:276,3
DA:278,3
DA:279,3
DA:285,3
DA:287,3
DA:289,0
DA:417,0
DA:433,0
DA:454,0
DA:470,0
LF:119
LH:84
BRDA:66,0,0,17
BRDA:66,0,1,17
BRDA:72,1,0,17
BRDA:72,1,1,17
BRDA:75,2,0,17
BRDA:75,2,1,17
BRDA:78,3,0,17
BRDA:78,3,1,17
BRDA:81,4,0,17
BRDA:81,4,1,17
BRDA:84,5,0,17
BRDA:84,5,1,17
BRDA:87,6,0,17
BRDA:87,6,1,17
BRDA:90,7,0,17
BRDA:90,7,1,17
BRDA:93,8,0,17
BRDA:93,8,1,17
BRDA:100,9,0,17
BRDA:100,9,1,17
BRDA:103,10,0,17
BRDA:103,10,1,17
BRDA:107,11,0,17
BRDA:107,11,1,17
BRDA:110,12,0,17
BRDA:110,12,1,17
BRDA:114,13,0,17
BRDA:114,13,1,17
BRDA:117,14,0,17
BRDA:117,14,1,17
BRDA:121,15,0,17
BRDA:121,15,1,17
BRDA:124,16,0,17
BRDA:124,16,1,17
BRDA:128,17,0,17
BRDA:128,17,1,17
BRDA:131,18,0,17
BRDA:131,18,1,17
BRDA:137,19,0,17
BRDA:137,19,1,17
BRDA:137,19,2,17
BRDA:140,20,0,17
BRDA:140,20,1,17
BRDA:140,20,2,17
BRDA:144,21,0,17
BRDA:144,21,1,17
BRDA:144,21,2,17
BRDA:148,22,0,17
BRDA:148,22,1,17
BRDA:151,23,0,17
BRDA:151,23,1,17
BRDA:154,24,0,17
BRDA:154,24,1,17
BRDA:162,25,0,0
BRDA:162,25,1,0
BRDA:164,26,0,0
BRDA:164,26,1,0
BRDA:166,27,0,0
BRDA:166,27,1,0
BRDA:172,28,0,0
BRDA:172,28,1,0
BRDA:181,29,0,0
BRDA:181,29,1,0
BRDA:181,30,0,0
BRDA:181,30,1,0
BRDA:181,30,2,0
BRDA:188,31,0,0
BRDA:188,31,1,0
BRDA:188,32,0,0
BRDA:188,32,1,0
BRDA:192,33,0,0
BRDA:192,33,1,0
BRDA:192,34,0,0
BRDA:192,34,1,0
BRDA:192,34,2,0
BRDA:206,35,0,0
BRDA:206,35,1,0
BRDA:206,36,0,0
BRDA:206,36,1,0
BRDA:206,36,2,0
BRDA:228,37,0,0
BRDA:228,37,1,0
BRDA:229,38,0,0
BRDA:229,38,1,0
BRDA:230,39,0,0
BRDA:230,39,1,0
BRDA:236,40,0,3
BRDA:236,40,1,0
BRDA:236,40,2,3
BRDA:236,40,3,0
BRDA:251,41,0,0
BRDA:251,41,1,0
BRDA:305,42,0,0
BRDA:305,42,1,3
BRDA:311,43,0,0
BRDA:311,43,1,3
BRDA:317,44,0,3
BRDA:317,44,1,0
BRDA:322,45,0,3
BRDA:322,45,1,0
BRDA:344,46,0,0
BRDA:344,46,1,0
BRDA:357,47,0,0
BRDA:357,47,1,0
BRDA:357,48,0,0
BRDA:357,48,1,0
BRDA:358,49,0,0
BRDA:358,49,1,0
BRDA:358,50,0,0
BRDA:358,50,1,0
BRDA:358,50,2,0
BRDA:358,50,3,0
BRDA:358,50,4,0
BRDA:358,50,5,0
BRDA:358,50,6,0
BRDA:358,50,7,0
BRDA:363,51,0,0
BRDA:363,51,1,0
BRDA:372,52,0,0
BRDA:372,52,1,0
BRDA:375,53,0,0
BRDA:375,53,1,0
BRDA:408,54,0,0
BRDA:408,54,1,0
BRDA:410,55,0,0
BRDA:410,55,1,0
BRDA:410,56,0,0
BRDA:410,56,1,0
BRDA:423,57,0,0
BRDA:423,57,1,0
BRDA:444,58,0,0
BRDA:444,58,1,0
BRDA:446,59,0,0
BRDA:446,59,1,0
BRDA:446,60,0,0
BRDA:446,60,1,0
BRDA:446,60,2,0
BRDA:446,60,3,0
BRDA:446,60,4,0
BRDA:460,61,0,0
BRDA:460,61,1,0
BRDA:470,62,0,0
BRDA:470,62,1,0
BRDA:516,63,0,0
BRDA:516,63,1,0
BRDA:524,64,0,0
BRDA:524,64,1,0
BRDA:532,65,0,0
BRDA:532,65,1,0
BRDA:540,66,0,0
BRDA:540,66,1,0
BRDA:548,67,0,0
BRDA:548,67,1,0
BRDA:556,68,0,0
BRDA:556,68,1,0
BRDA:564,69,0,0
BRDA:564,69,1,0
BRDA:572,70,0,0
BRDA:572,70,1,0
BRDA:580,71,0,0
BRDA:580,71,1,0
BRF:161
BRH:59
end_of_record
TN:
SF:src/views/TreasuryDashboard/TreasuryDashboard.tsx
FN:17,(anonymous_0)
FNF:1
FNH:0
FNDA:0,(anonymous_0)
DA:17,1
DA:18,0
DA:19,0
DA:21,0
LF:4
LH:1
BRDA:22,0,0,0
BRDA:22,0,1,0
BRDA:22,1,0,0
BRDA:22,1,1,0
BRDA:25,2,0,0
BRDA:25,2,1,0
BRDA:25,3,0,0
BRDA:25,3,1,0
BRDA:26,4,0,0
BRDA:26,4,1,0
BRDA:26,5,0,0
BRDA:26,5,1,0
BRF:12
BRH:0
end_of_record
TN:
SF:src/views/TreasuryDashboard/treasuryData.ts
FNF:0
FNH:0
DA:2,1
DA:40,1
DA:50,1
DA:166,1
DA:176,1
DA:187,1
LF:6
LH:6
BRF:0
BRH:0
end_of_record
TN:
SF:src/views/TreasuryDashboard/components/Graph/Graph.js
FN:7,(anonymous_0)
FN:9,(anonymous_1)
FN:30,(anonymous_2)
FN:63,(anonymous_3)
FN:91,(anonymous_4)
FN:114,(anonymous_5)
FN:121,(anonymous_6)
FN:125,(anonymous_7)
FN:144,(anonymous_8)
FN:148,(anonymous_9)
FN:152,(anonymous_10)
FNF:11
FNH:0
FNDA:0,(anonymous_0)
FNDA:0,(anonymous_1)
FNDA:0,(anonymous_2)
FNDA:0,(anonymous_3)
FNDA:0,(anonymous_4)
FNDA:0,(anonymous_5)
FNDA:0,(anonymous_6)
FNDA:0,(anonymous_7)
FNDA:0,(anonymous_8)
FNDA:0,(anonymous_9)
FNDA:0,(anonymous_10)
DA:7,1
DA:9,1
DA:10,0
DA:11,0
DA:13,0
DA:30,1
DA:31,0
DA:32,0
DA:34,0
DA:63,1
DA:64,0
DA:65,0
DA:67,0
DA:91,1
DA:92,0
DA:93,0
DA:95,0
DA:114,1
DA:115,0
DA:116,0
DA:119,0
DA:121,0
DA:125,0
DA:127,0
DA:144,1
DA:145,0
DA:146,0
DA:148,0
DA:150,0
DA:151,0
DA:152,0
DA:154,0
LF:32
LH:7
BRDA:25,0,0,0
BRDA:25,0,1,0
BRDA:53,1,0,0
BRDA:53,1,1,0
BRDA:81,2,0,0
BRDA:81,2,1,0
BRDA:108,3,0,0
BRDA:108,3,1,0
BRDA:119,4,0,0
BRDA:119,4,1,0
BRDA:139,5,0,0
BRDA:139,5,1,0
BRDA:148,6,0,0
BRDA:148,6,1,0
BRDA:162,7,0,0
BRDA:162,7,1,0
BRF:16
BRH:0
end_of_record
TN:
SF:src/views/TreasuryDashboard/components/Metric/Metric.js
FN:11,(anonymous_0)
FN:12,(anonymous_1)
FN:23,(anonymous_2)
FN:24,(anonymous_3)
FN:35,(anonymous_4)
FN:36,(anonymous_5)
FN:37,(anonymous_6)
FN:49,(anonymous_7)
FN:50,(anonymous_8)
FN:61,(anonymous_9)
FN:62,(anonymous_10)
FN:74,(anonymous_11)
FN:75,(anonymous_12)
FNF:13
FNH:0
FNDA:0,(anonymous_0)
FNDA:0,(anonymous_1)
FNDA:0,(anonymous_2)
FNDA:0,(anonymous_3)
FNDA:0,(anonymous_4)
FNDA:0,(anonymous_5)
FNDA:0,(anonymous_6)
FNDA:0,(anonymous_7)
FNDA:0,(anonymous_8)
FNDA:0,(anonymous_9)
FNDA:0,(anonymous_10)
FNDA:0,(anonymous_11)
FNDA:0,(anonymous_12)
DA:6,1
DA:11,1
DA:12,0
DA:13,0
DA:23,1
DA:24,0
DA:25,0
DA:35,1
DA:36,0
DA:37,0
DA:38,0
DA:39,0
DA:49,1
DA:50,0
DA:51,0
DA:61,1
DA:62,0
DA:63,0
DA:74,1
DA:75,0
DA:76,0
LF:21
LH:7
BRDA:12,0,0,0
BRDA:12,0,1,0
BRDA:17,1,0,0
BRDA:17,1,1,0
BRDA:28,2,0,0
BRDA:28,2,1,0
BRDA:29,3,0,0
BRDA:29,3,1,0
BRDA:38,4,0,0
BRDA:38,4,1,0
BRDA:42,5,0,0
BRDA:42,5,1,0
BRDA:43,6,0,0
BRDA:43,6,1,0
BRDA:54,7,0,0
BRDA:54,7,1,0
BRDA:55,8,0,0
BRDA:55,8,1,0
BRDA:66,9,0,0
BRDA:66,9,1,0
BRDA:67,10,0,0
BRDA:67,10,1,0
BRDA:80,11,0,0
BRDA:80,11,1,0
BRDA:81,12,0,0
BRDA:81,12,1,0
BRF:26
BRH:0
end_of_record
TN:
SF:src/views/TreasuryDashboard/hooks/useTreasuryMetrics.js
FN:5,(anonymous_0)
FN:8,(anonymous_1)
FN:12,(anonymous_2)
FN:13,(anonymous_3)
FNF:4
FNH:0
FNDA:0,(anonymous_0)
FNDA:0,(anonymous_1)
FNDA:0,(anonymous_2)
FNDA:0,(anonymous_3)
DA:5,1
DA:6,0
DA:9,0
DA:12,0
DA:13,0
LF:5
LH:1
BRF:0
BRH:0
end_of_record
TN:
SF:src/views/TreasuryDashboard/hooks/useTreasuryRebases.js
FN:5,(anonymous_0)
FN:8,(anonymous_1)
FNF:2
FNH:0
FNDA:0,(anonymous_0)
FNDA:0,(anonymous_1)
DA:5,0
DA:6,0
DA:9,0
DA:11,0
LF:4
LH:0
BRF:0
BRH:0
end_of_record
TN:
SF:src/views/V1-Stake/V1-Stake.jsx
FN:44,a11yProps
FN:54,V1Stake
FN:63,(anonymous_2)
FN:64,(anonymous_3)
FN:67,(anonymous_4)
FN:70,(anonymous_5)
FN:73,(anonymous_6)
FN:76,(anonymous_7)
FN:79,(anonymous_8)
FN:82,(anonymous_9)
FN:85,(anonymous_10)
FN:88,(anonymous_11)
FN:91,(anonymous_12)
FN:94,(anonymous_13)
FN:98,(anonymous_14)
FN:102,(anonymous_15)
FN:106,(anonymous_16)
FN:109,(anonymous_17)
FN:113,(anonymous_18)
FN:120,(anonymous_19)
FN:128,(anonymous_20)
FN:132,(anonymous_21)
FN:155,(anonymous_22)
FN:173,(anonymous_23)
FN:180,(anonymous_24)
FN:181,(anonymous_25)
FN:188,(anonymous_26)
FN:192,(anonymous_27)
FN:207,(anonymous_28)
FN:309,(anonymous_29)
FN:343,(anonymous_30)
FN:356,(anonymous_31)
FN:374,(anonymous_32)
FN:386,(anonymous_33)
FNF:34
FNH:0
FNDA:0,a11yProps
FNDA:0,V1Stake
FNDA:0,(anonymous_2)
FNDA:0,(anonymous_3)
FNDA:0,(anonymous_4)
FNDA:0,(anonymous_5)
FNDA:0,(anonymous_6)
FNDA:0,(anonymous_7)
FNDA:0,(anonymous_8)
FNDA:0,(anonymous_9)
FNDA:0,(anonymous_10)
FNDA:0,(anonymous_11)
FNDA:0,(anonymous_12)
FNDA:0,(anonymous_13)
FNDA:0,(anonymous_14)
FNDA:0,(anonymous_15)
FNDA:0,(anonymous_16)
FNDA:0,(anonymous_17)
FNDA:0,(anonymous_18)
FNDA:0,(anonymous_19)
FNDA:0,(anonymous_20)
FNDA:0,(anonymous_21)
FNDA:0,(anonymous_22)
FNDA:0,(anonymous_23)
FNDA:0,(anonymous_24)
FNDA:0,(anonymous_25)
FNDA:0,(anonymous_26)
FNDA:0,(anonymous_27)
FNDA:0,(anonymous_28)
FNDA:0,(anonymous_29)
FNDA:0,(anonymous_30)
FNDA:0,(anonymous_31)
FNDA:0,(anonymous_32)
FNDA:0,(anonymous_33)
DA:45,0
DA:51,1
DA:52,1
DA:55,0
DA:56,0
DA:57,0
DA:59,0
DA:60,0
DA:61,0
DA:63,0
DA:64,0
DA:65,0
DA:67,0
DA:68,0
DA:70,0
DA:71,0
DA:73,0
DA:74,0
DA:76,0
DA:77,0
DA:79,0
DA:80,0
DA:82,0
DA:83,0
DA:85,0
DA:86,0
DA:88,0
DA:89,0
DA:91,0
DA:92,0
DA:94,0
DA:95,0
DA:98,0
DA:99,0
DA:102,0
DA:103,0
DA:106,0
DA:107,0
DA:109,0
DA:110,0
DA:113,0
DA:114,0
DA:116,0
DA:117,0
DA:118,0
DA:120,0
DA:121,0
DA:122,0
DA:124,0
DA:128,0
DA:129,0
DA:132,0
DA:134,0
DA:136,0
DA:140,0
DA:141,0
DA:142,0
DA:145,0
DA:146,0
DA:149,0
DA:154,0
DA:156,0
DA:157,0
DA:158,0
DA:163,0
DA:165,0
DA:167,0
DA:173,0
DA:174,0
DA:177,0
DA:180,0
DA:181,0
DA:184,0
DA:185,0
DA:186,0
DA:188,0
DA:189,0
DA:192,0
DA:194,0
DA:197,0
DA:198,0
DA:204,0
DA:205,0
DA:207,0
DA:309,0
DA:344,0
DA:357,0
DA:375,0
DA:387,0
LF:89
LH:2
BRDA:71,0,0,0
BRDA:71,0,1,0
BRDA:74,1,0,0
BRDA:74,1,1,0
BRDA:77,2,0,0
BRDA:77,2,1,0
BRDA:80,3,0,0
BRDA:80,3,1,0
BRDA:83,4,0,0
BRDA:83,4,1,0
BRDA:86,5,0,0
BRDA:86,5,1,0
BRDA:103,6,0,0
BRDA:103,6,1,0
BRDA:107,7,0,0
BRDA:107,7,1,0
BRDA:110,8,0,0
BRDA:110,8,1,0
BRDA:121,9,0,0
BRDA:121,9,1,0
BRDA:134,10,0,0
BRDA:134,10,1,0
BRDA:134,11,0,0
BRDA:134,11,1,0
BRDA:134,11,2,0
BRDA:141,12,0,0
BRDA:141,12,1,0
BRDA:141,13,0,0
BRDA:141,13,1,0
BRDA:145,14,0,0
BRDA:145,14,1,0
BRDA:145,15,0,0
BRDA:145,15,1,0
BRDA:156,16,0,0
BRDA:156,16,1,0
BRDA:157,17,0,0
BRDA:157,17,1,0
BRDA:163,18,0,0
BRDA:163,18,1,0
BRDA:163,18,2,0
BRDA:163,18,3,0
BRDA:225,19,0,0
BRDA:225,19,1,0
BRDA:231,20,0,0
BRDA:231,20,1,0
BRDA:237,21,0,0
BRDA:237,21,1,0
BRDA:243,22,0,0
BRDA:243,22,1,0
BRDA:271,23,0,0
BRDA:271,23,1,0
BRDA:273,24,0,0
BRDA:273,24,1,0
BRDA:275,25,0,0
BRDA:275,25,1,0
BRDA:286,26,0,0
BRDA:286,26,1,0
BRDA:286,27,0,0
BRDA:286,27,1,0
BRDA:287,28,0,0
BRDA:287,28,1,0
BRDA:287,29,0,0
BRDA:287,29,1,0
BRDA:300,30,0,0
BRDA:300,30,1,0
BRDA:322,31,0,0
BRDA:322,31,1,0
BRDA:329,32,0,0
BRDA:329,32,1,0
BRDA:329,33,0,0
BRDA:329,33,1,0
BRDA:331,34,0,0
BRDA:331,34,1,0
BRDA:337,35,0,0
BRDA:337,35,1,0
BRDA:366,36,0,0
BRDA:366,36,1,0
BRDA:368,37,0,0
BRDA:368,37,1,0
BRDA:368,38,0,0
BRDA:368,38,1,0
BRDA:419,39,0,0
BRDA:419,39,1,0
BRDA:427,40,0,0
BRDA:427,40,1,0
BRDA:435,41,0,0
BRDA:435,41,1,0
BRF:87
BRH:0
end_of_record
TN:
SF:src/views/Wrap/Wrap.jsx
FN:44,Wrap
FN:53,(anonymous_1)
FN:60,(anonymous_2)
FN:61,(anonymous_3)
FN:62,(anonymous_4)
FN:66,(anonymous_5)
FN:70,(anonymous_6)
FN:74,(anonymous_7)
FN:78,(anonymous_8)
FN:82,(anonymous_9)
FN:86,(anonymous_10)
FN:90,(anonymous_11)
FN:97,(anonymous_12)
FN:102,(anonymous_13)
FN:107,(anonymous_14)
FN:108,(anonymous_15)
FN:113,(anonymous_16)
FN:122,(anonymous_17)
FN:142,(anonymous_18)
FN:148,(anonymous_19)
FN:152,(anonymous_20)
FN:156,(anonymous_21)
FN:160,(anonymous_22)
FN:165,(anonymous_23)
FN:170,(anonymous_24)
FN:199,(anonymous_25)
FN:213,(anonymous_26)
FN:249,(anonymous_27)
FNF:28
FNH:0
FNDA:0,Wrap
FNDA:0,(anonymous_1)
FNDA:0,(anonymous_2)
FNDA:0,(anonymous_3)
FNDA:0,(anonymous_4)
FNDA:0,(anonymous_5)
FNDA:0,(anonymous_6)
FNDA:0,(anonymous_7)
FNDA:0,(anonymous_8)
FNDA:0,(anonymous_9)
FNDA:0,(anonymous_10)
FNDA:0,(anonymous_11)
FNDA:0,(anonymous_12)
FNDA:0,(anonymous_13)
FNDA:0,(anonymous_14)
FNDA:0,(anonymous_15)
FNDA:0,(anonymous_16)
FNDA:0,(anonymous_17)
FNDA:0,(anonymous_18)
FNDA:0,(anonymous_19)
FNDA:0,(anonymous_20)
FNDA:0,(anonymous_21)
FNDA:0,(anonymous_22)
FNDA:0,(anonymous_23)
FNDA:0,(anonymous_24)
FNDA:0,(anonymous_25)
FNDA:0,(anonymous_26)
FNDA:0,(anonymous_27)
DA:45,0
DA:46,0
DA:48,0
DA:49,0
DA:50,0
DA:51,0
DA:53,0
DA:54,0
DA:55,0
DA:56,0
DA:58,0
DA:60,0
DA:61,0
DA:62,0
DA:63,0
DA:66,0
DA:67,0
DA:70,0
DA:71,0
DA:74,0
DA:75,0
DA:78,0
DA:79,0
DA:82,0
DA:83,0
DA:86,0
DA:87,0
DA:90,0
DA:91,0
DA:94,0
DA:95,0
DA:97,0
DA:100,0
DA:102,0
DA:103,0
DA:104,0
DA:107,0
DA:108,0
DA:109,0
DA:113,0
DA:114,0
DA:115,0
DA:117,0
DA:120,0
DA:122,0
DA:123,0
DA:124,0
DA:125,0
DA:126,0
DA:128,0
DA:132,0
DA:134,0
DA:140,0
DA:142,0
DA:143,0
DA:144,0
DA:145,0
DA:148,0
DA:149,0
DA:152,0
DA:153,0
DA:156,0
DA:157,0
DA:160,0
DA:161,0
DA:162,0
DA:165,0
DA:166,0
DA:167,0
DA:170,0
DA:171,0
DA:172,0
DA:173,0
DA:174,0
DA:181,0
DA:182,0
DA:190,0
DA:199,0
DA:213,0
DA:214,0
DA:215,0
DA:216,0
DA:217,0
DA:232,0
DA:233,0
DA:246,0
DA:247,0
DA:249,0
DA:414,0
LF:89
LH:0
BRDA:54,0,0,0
BRDA:54,0,1,0
BRDA:55,1,0,0
BRDA:55,1,1,0
BRDA:75,2,0,0
BRDA:75,2,1,0
BRDA:79,3,0,0
BRDA:79,3,1,0
BRDA:83,4,0,0
BRDA:83,4,1,0
BRDA:87,5,0,0
BRDA:87,5,1,0
BRDA:97,6,0,0
BRDA:97,6,1,0
BRDA:97,6,2,0
BRDA:100,7,0,0
BRDA:100,7,1,0
BRDA:100,8,0,0
BRDA:100,8,1,0
BRDA:103,9,0,0
BRDA:103,9,1,0
BRDA:104,10,0,0
BRDA:104,10,1,0
BRDA:114,11,0,0
BRDA:114,11,1,0
BRDA:114,12,0,0
BRDA:114,12,1,0
BRDA:115,13,0,0
BRDA:115,13,1,0
BRDA:115,14,0,0
BRDA:115,14,1,0
BRDA:123,15,0,0
BRDA:123,15,1,0
BRDA:125,16,0,0
BRDA:125,16,1,0
BRDA:161,17,0,0
BRDA:161,17,1,0
BRDA:161,18,0,0
BRDA:161,18,1,0
BRDA:162,19,0,0
BRDA:162,19,1,0
BRDA:162,20,0,0
BRDA:162,20,1,0
BRDA:166,21,0,0
BRDA:166,21,1,0
BRDA:166,22,0,0
BRDA:166,22,1,0
BRDA:167,23,0,0
BRDA:167,23,1,0
BRDA:167,24,0,0
BRDA:167,24,1,0
BRDA:171,25,0,0
BRDA:171,25,1,0
BRDA:171,26,0,0
BRDA:171,26,1,0
BRDA:172,27,0,0
BRDA:172,27,1,0
BRDA:173,28,0,0
BRDA:173,28,1,0
BRDA:173,29,0,0
BRDA:173,29,1,0
BRDA:181,30,0,0
BRDA:181,30,1,0
BRDA:181,31,0,0
BRDA:181,31,1,0
BRDA:214,32,0,0
BRDA:214,32,1,0
BRDA:215,33,0,0
BRDA:215,33,1,0
BRDA:216,34,0,0
BRDA:216,34,1,0
BRDA:223,35,0,0
BRDA:223,35,1,0
BRDA:232,36,0,0
BRDA:232,36,1,0
BRDA:238,37,0,0
BRDA:238,37,1,0
BRDA:246,38,0,0
BRDA:246,38,1,0
BRDA:259,39,0,0
BRDA:259,39,1,0
BRDA:276,40,0,0
BRDA:276,40,1,0
BRDA:281,41,0,0
BRDA:281,41,1,0
BRDA:286,42,0,0
BRDA:286,42,1,0
BRDA:292,43,0,0
BRDA:292,43,1,0
BRF:89
BRH:0
end_of_record
TN:
SF:src/views/Wrap/WrapCrossChain.tsx
FN:40,WrapCrossChain
FN:47,(anonymous_1)
FN:49,(anonymous_2)
FN:54,(anonymous_3)
FN:62,(anonymous_4)
FN:66,(anonymous_5)
FN:67,(anonymous_6)
FN:69,(anonymous_7)
FN:77,(anonymous_8)
FN:81,(anonymous_9)
FN:82,(anonymous_10)
FN:87,(anonymous_11)
FN:91,(anonymous_12)
FN:101,(anonymous_13)
FN:111,(anonymous_14)
FN:124,(anonymous_15)
FN:144,(anonymous_16)
FN:158,(anonymous_17)
FNF:18
FNH:0
FNDA:0,WrapCrossChain
FNDA:0,(anonymous_1)
FNDA:0,(anonymous_2)
FNDA:0,(anonymous_3)
FNDA:0,(anonymous_4)
FNDA:0,(anonymous_5)
FNDA:0,(anonymous_6)
FNDA:0,(anonymous_7)
FNDA:0,(anonymous_8)
FNDA:0,(anonymous_9)
FNDA:0,(anonymous_10)
FNDA:0,(anonymous_11)
FNDA:0,(anonymous_12)
FNDA:0,(anonymous_13)
FNDA:0,(anonymous_14)
FNDA:0,(anonymous_15)
FNDA:0,(anonymous_16)
FNDA:0,(anonymous_17)
DA:41,0
DA:42,0
DA:43,0
DA:44,0
DA:45,0
DA:47,0
DA:49,0
DA:50,0
DA:54,0
DA:55,0
DA:58,0
DA:60,0
DA:62,0
DA:63,0
DA:66,0
DA:67,0
DA:69,0
DA:70,0
DA:73,0
DA:75,0
DA:77,0
DA:78,0
DA:81,0
DA:82,0
DA:83,0
DA:87,0
DA:88,0
DA:91,0
DA:93,0
DA:95,0
DA:101,0
DA:102,0
DA:111,0
DA:112,0
DA:124,0
DA:125,0
DA:126,0
DA:127,0
DA:135,0
DA:144,0
DA:158,0
DA:159,0
DA:160,0
DA:161,0
DA:176,0
DA:177,0
DA:190,0
LF:47
LH:0
BRDA:47,0,0,0
BRDA:47,0,1,0
BRDA:49,1,0,0
BRDA:49,1,1,0
BRDA:54,2,0,0
BRDA:54,2,1,0
BRDA:63,3,0,0
BRDA:63,3,1,0
BRDA:125,4,0,0
BRDA:125,4,1,0
BRDA:125,5,0,0
BRDA:125,5,1,0
BRDA:126,6,0,0
BRDA:126,6,1,0
BRDA:126,7,0,0
BRDA:126,7,1,0
BRDA:159,8,0,0
BRDA:159,8,1,0
BRDA:160,9,0,0
BRDA:160,9,1,0
BRDA:167,10,0,0
BRDA:167,10,1,0
BRDA:176,11,0,0
BRDA:176,11,1,0
BRDA:182,12,0,0
BRDA:182,12,1,0
BRDA:220,13,0,0
BRDA:220,13,1,0
BRDA:230,14,0,0
BRDA:230,14,1,0
BRDA:244,15,0,0
BRDA:244,15,1,0
BRDA:253,16,0,0
BRDA:253,16,1,0
BRF:34
BRH:0
end_of_record
TN:
SF:src/views/Zap/Zap.jsx
FN:13,Zap
FN:18,(anonymous_1)
FN:20,(anonymous_2)
FN:22,(anonymous_3)
FN:23,(anonymous_4)
FNF:5
FNH:0
FNDA:0,Zap
FNDA:0,(anonymous_1)
FNDA:0,(anonymous_2)
FNDA:0,(anonymous_3)
FNDA:0,(anonymous_4)
DA:14,0
DA:15,0
DA:16,0
DA:18,0
DA:19,0
DA:21,0
DA:22,0
DA:23,0
DA:28,0
LF:9
LH:0
BRDA:33,0,0,0
BRDA:33,0,1,0
BRF:2
BRH:0
end_of_record
TN:
SF:src/views/Zap/ZapCta.jsx
FN:8,(anonymous_0)
FN:27,ZapCta
FNF:2
FNH:0
FNDA:0,(anonymous_0)
FNDA:0,ZapCta
DA:8,0
DA:28,0
DA:29,0
LF:3
LH:0
BRF:0
BRH:0
end_of_record
TN:
SF:src/views/Zap/ZapInfo.jsx
FN:9,(anonymous_0)
FN:48,ZapInfo
FN:49,(anonymous_2)
FN:144,(anonymous_3)
FNF:4
FNH:0
FNDA:0,(anonymous_0)
FNDA:0,ZapInfo
FNDA:0,(anonymous_2)
FNDA:0,(anonymous_3)
DA:9,1
DA:49,0
DA:50,0
DA:54,0
DA:56,0
DA:57,0
DA:145,0
LF:7
LH:1
BRF:0
BRH:0
end_of_record
TN:
SF:src/views/Zap/ZapStakeAction.jsx
FN:49,(anonymous_0)
FN:58,ZapStakeAction
FN:63,(anonymous_2)
FN:64,(anonymous_3)
FN:65,(anonymous_4)
FN:66,(anonymous_5)
FN:67,(anonymous_6)
FN:69,(anonymous_7)
FN:80,(anonymous_8)
FN:86,(anonymous_9)
FN:91,(anonymous_10)
FN:94,(anonymous_11)
FN:99,(anonymous_12)
FN:108,(anonymous_13)
FN:112,(anonymous_14)
FN:116,(anonymous_15)
FN:130,(anonymous_16)
FN:141,(anonymous_17)
FN:144,(anonymous_18)
FN:146,(anonymous_19)
FN:147,(anonymous_20)
FN:148,(anonymous_21)
FN:152,(anonymous_22)
FN:153,(anonymous_23)
FN:167,(anonymous_24)
FN:174,(anonymous_25)
FN:196,(anonymous_26)
FN:231,(anonymous_27)
FN:268,(anonymous_28)
FN:309,(anonymous_29)
FN:358,(anonymous_30)
FN:495,(anonymous_31)
FN:496,(anonymous_32)
FN:497,(anonymous_33)
FN:498,(anonymous_34)
FNF:35
FNH:0
FNDA:0,(anonymous_0)
FNDA:0,ZapStakeAction
FNDA:0,(anonymous_2)
FNDA:0,(anonymous_3)
FNDA:0,(anonymous_4)
FNDA:0,(anonymous_5)
FNDA:0,(anonymous_6)
FNDA:0,(anonymous_7)
FNDA:0,(anonymous_8)
FNDA:0,(anonymous_9)
FNDA:0,(anonymous_10)
FNDA:0,(anonymous_11)
FNDA:0,(anonymous_12)
FNDA:0,(anonymous_13)
FNDA:0,(anonymous_14)
FNDA:0,(anonymous_15)
FNDA:0,(anonymous_16)
FNDA:0,(anonymous_17)
FNDA:0,(anonymous_18)
FNDA:0,(anonymous_19)
FNDA:0,(anonymous_20)
FNDA:0,(anonymous_21)
FNDA:0,(anonymous_22)
FNDA:0,(anonymous_23)
FNDA:0,(anonymous_24)
FNDA:0,(anonymous_25)
FNDA:0,(anonymous_26)
FNDA:0,(anonymous_27)
FNDA:0,(anonymous_28)
FNDA:0,(anonymous_29)
FNDA:0,(anonymous_30)
FNDA:0,(anonymous_31)
FNDA:0,(anonymous_32)
FNDA:0,(anonymous_33)
FNDA:0,(anonymous_34)
DA:43,1
DA:45,1
DA:46,1
DA:47,1
DA:49,1
DA:59,0
DA:61,0
DA:62,0
DA:63,0
DA:64,0
DA:65,0
DA:66,0
DA:67,0
DA:68,0
DA:69,0
DA:70,0
DA:75,0
DA:76,0
DA:77,0
DA:80,0
DA:81,0
DA:82,0
DA:86,0
DA:87,0
DA:90,0
DA:91,0
DA:92,0
DA:94,0
DA:96,0
DA:97,0
DA:99,0
DA:100,0
DA:105,0
DA:108,0
DA:109,0
DA:112,0
DA:114,0
DA:116,0
DA:117,0
DA:118,0
DA:119,0
DA:120,0
DA:122,0
DA:123,0
DA:124,0
DA:125,0
DA:126,0
DA:130,0
DA:131,0
DA:132,0
DA:133,0
DA:134,0
DA:136,0
DA:137,0
DA:138,0
DA:141,0
DA:143,0
DA:145,0
DA:146,0
DA:147,0
DA:148,0
DA:152,0
DA:153,0
DA:154,0
DA:155,0
DA:156,0
DA:158,0
DA:161,0
DA:165,0
DA:166,0
DA:167,0
DA:172,0
DA:174,0
DA:175,0
DA:185,0
DA:188,0
DA:193,0
DA:194,0
DA:196,0
DA:197,0
DA:208,0
DA:231,0
DA:268,0
DA:309,0
DA:358,0
DA:495,0
DA:496,0
DA:498,0
LF:88
LH:5
BRDA:51,0,0,0
BRDA:51,0,1,0
BRDA:54,1,0,0
BRDA:54,1,1,0
BRDA:81,2,0,0
BRDA:81,2,1,0
BRDA:112,3,0,0
BRDA:112,3,1,0
BRDA:117,4,0,0
BRDA:117,4,1,0
BRDA:117,5,0,0
BRDA:117,5,1,0
BRDA:125,6,0,0
BRDA:125,6,1,0
BRDA:131,7,0,0
BRDA:131,7,1,0
BRDA:131,8,0,0
BRDA:131,8,1,0
BRDA:146,9,0,0
BRDA:146,9,1,0
BRDA:154,10,0,0
BRDA:154,10,1,0
BRDA:154,11,0,0
BRDA:154,11,1,0
BRDA:155,12,0,0
BRDA:155,12,1,0
BRDA:172,13,0,0
BRDA:172,13,1,0
BRDA:172,13,2,0
BRDA:223,14,0,0
BRDA:223,14,1,0
BRDA:244,15,0,0
BRDA:244,15,1,0
BRDA:350,16,0,0
BRDA:350,16,1,0
BRDA:372,17,0,0
BRDA:372,17,1,0
BRDA:388,18,0,0
BRDA:388,18,1,0
BRDA:394,19,0,0
BRDA:394,19,1,0
BRDA:394,19,2,0
BRDA:394,19,3,0
BRDA:397,20,0,0
BRDA:397,20,1,0
BRDA:399,21,0,0
BRDA:399,21,1,0
BRDA:414,22,0,0
BRDA:414,22,1,0
BRDA:414,22,2,0
BRDA:414,22,3,0
BRDA:414,22,4,0
BRDA:417,23,0,0
BRDA:417,23,1,0
BRDA:421,24,0,0
BRDA:421,24,1,0
BRDA:432,25,0,0
BRDA:432,25,1,0
BRDA:445,26,0,0
BRDA:445,26,1,0
BRDA:445,26,2,0
BRDA:445,26,3,0
BRDA:454,27,0,0
BRDA:454,27,1,0
BRDA:477,28,0,0
BRDA:477,28,1,0
BRDA:485,29,0,0
BRDA:485,29,1,0
BRF:68
BRH:0
end_of_record
TN:
SF:src/views/Zap/ZapStakeHeader.jsx
FN:5,ZapStakeHeader
FNF:1
FNH:0
FNDA:0,ZapStakeHeader
DA:6,0
DA:7,0
DA:8,0
DA:9,0
DA:11,0
LF:5
LH:0
BRDA:8,0,0,0
BRDA:8,0,1,0
BRDA:17,1,0,0
BRDA:17,1,1,0
BRDA:24,2,0,0
BRDA:24,2,1,0
BRDA:28,3,0,0
BRDA:28,3,1,0
BRF:8
BRH:0
end_of_record
